[+] Containers:
 |- [+] Container: /Game/GameLogic/Levels/Level1/Level1_8
 |   |- [+] ActorDescs:
 |   |   |- Guid:0CF229D84AC3624B818EF9AF98920E96 BaseClass:/Game/GameLogic/MapObjects/Obstacles/Obstacle_Trim_90_Out.Obstacle_Trim_90_Out_C NativeClass:/Script/Engine.Actor Name:Obstacle_Trim_90_Out_C_UAID_F875A42441418C7801_1550515532 Label:Obstacle_Trim_90_Out SpatiallyLoaded:1 Bounds:IsValid=true, Min=(X=1750.000 Y=7250.000 Z=70.000), Max=(X=2000.001 Y=7500.000 Z=170.000) RuntimeGrid:None EditorOnly:0 RuntimeOnly:0 HLODRelevant:0
 |   |   |- Guid:0FE3842E4A6C18AA00BFBE92A736C5F9 BaseClass: NativeClass:/Script/Engine.StaticMeshActor Name:StaticMeshActor_19 Label:SM_Cube3 SpatiallyLoaded:1 Bounds:IsValid=true, Min=(X=2740.000 Y=2770.000 Z=0.000), Max=(X=2840.000 Y=9770.000 Z=475.000) RuntimeGrid:None EditorOnly:0 RuntimeOnly:0 HLODRelevant:1 FolderPath:Playground FolderGuid:9FE5E8B349AF71F05F2688921F3F2AC5
 |   |   |- Guid:200B16F04D5B3DD435A6579A0CB9B24B BaseClass:/Game/GameLogic/MapObjects/Obstacles/Obstacle_Statue.Obstacle_Statue_C NativeClass:/Script/Engine.Actor Name:Obstacle_Statue_C_UAID_F875A42441418C7801_1541537531 Label:Obstacle_Statue SpatiallyLoaded:1 Bounds:IsValid=true, Min=(X=1599.187 Y=6599.187 Z=70.000), Max=(X=1840.813 Y=6840.813 Z=611.456) RuntimeGrid:None EditorOnly:0 RuntimeOnly:0 HLODRelevant:0
 |   |   |- Guid:2C49AF7345348B20E9D144AD1DAE15C2 BaseClass: NativeClass:/Script/Engine.StaticMeshActor Name:StaticMeshActor_UAID_F875A42441418A7601_1835420057 Label:SM_Cube11 SpatiallyLoaded:1 Bounds:IsValid=true, Min=(X=1940.000 Y=9670.000 Z=0.000), Max=(X=2865.000 Y=9770.000 Z=475.000) RuntimeGrid:None EditorOnly:0 RuntimeOnly:0 HLODRelevant:1 FolderPath:Playground FolderGuid:9FE5E8B349AF71F05F2688921F3F2AC5
 |   |   |- Guid:34676B784907F6EB2E304DAF3D7862DC BaseClass: NativeClass:/Script/Engine.StaticMeshActor Name:StaticMeshActor_UAID_F875A42441418A7601_1890574060 Label:SM_Cube12 SpatiallyLoaded:1 Bounds:IsValid=true, Min=(X=1930.000 Y=2770.000 Z=0.000), Max=(X=2855.000 Y=2870.000 Z=475.000) RuntimeGrid:None EditorOnly:0 RuntimeOnly:0 HLODRelevant:1 FolderPath:Playground FolderGuid:9FE5E8B349AF71F05F2688921F3F2AC5
 |   |   |- Guid:354DCB0E4072E3373EA0E5AA5F2555F9 BaseClass:/Game/GameLogic/MapObjects/Obstacles/Obstacle_Cube.Obstacle_Cube_C NativeClass:/Script/Engine.Actor Name:Obstacle_Cube_C_UAID_F875A42441418C7801_1477737527 Label:Obstacle_Cube2 SpatiallyLoaded:1 Bounds:IsValid=true, Min=(X=2075.387 Y=5155.907 Z=-75.892), Max=(X=2541.775 Y=5569.486 Z=349.818) RuntimeGrid:None EditorOnly:0 RuntimeOnly:0 HLODRelevant:0
 |   |   |- Guid:48AFEEFE4B8162BDA6F9219CD4B31311 BaseClass:/Game/GameLogic/MapObjects/StartPoint.StartPoint_C NativeClass:/Script/Engine.Actor Name:StartPoint_C_UAID_F875A42441417F7901_2105284315 Label:StartPoint SpatiallyLoaded:1 Bounds:IsValid=true, Min=(X=1674.000 Y=2772.000 Z=96.000), Max=(X=1786.000 Y=2948.000 Z=224.000) RuntimeGrid:None EditorOnly:0 RuntimeOnly:0 HLODRelevant:0
 |   |   |- Guid:48F232424D18A05F97D7CF871AF1492A BaseClass: NativeClass:/Script/Engine.StaticMeshActor Name:StaticMeshActor_17 Label:SM_Cube SpatiallyLoaded:1 Bounds:IsValid=true, Min=(X=-1210.000 Y=-1530.000 Z=-50.000), Max=(X=5015.000 Y=14145.000 Z=66.667) RuntimeGrid:None EditorOnly:0 RuntimeOnly:0 HLODRelevant:1 FolderPath:Playground FolderGuid:9FE5E8B349AF71F05F2688921F3F2AC5
 |   |   |- Guid:58A514764F5D278C39D8578E3D22E199 BaseClass: NativeClass:/Script/Engine.ExponentialHeightFog Name:ExponentialHeightFog_1 Label:ExponentialHeightFog SpatiallyLoaded:0 Bounds:IsValid=true, Min=(X=-5600.000 Y=-50.000 Z=-6850.000), Max=(X=-5600.000 Y=-50.000 Z=-6850.000) RuntimeGrid:None EditorOnly:0 RuntimeOnly:0 HLODRelevant:0 FolderPath:Lighting FolderGuid:4C9334684BA61B42C769F799D2576455
 |   |   |- Guid:5D4ACD2046117FB97BA21886D99E7F87 BaseClass: NativeClass:/Script/Engine.StaticMeshActor Name:StaticMeshActor_22 Label:SM_Cube5 SpatiallyLoaded:1 Bounds:IsValid=true, Min=(X=660.000 Y=9670.000 Z=0.000), Max=(X=1560.000 Y=9770.000 Z=475.000) RuntimeGrid:None EditorOnly:0 RuntimeOnly:0 HLODRelevant:1 FolderPath:Playground FolderGuid:9FE5E8B349AF71F05F2688921F3F2AC5
 |   |   |- Guid:5DB4CCB24E96D096E43E66806BC6E6E3 BaseClass:/Game/GameLogic/MapObjects/Obstacles/Obstacle_Cylinder.Obstacle_Cylinder_C NativeClass:/Script/Engine.Actor Name:Obstacle_Cylinder_C_UAID_F875A42441418C7801_1499330529 Label:Obstacle_Cylinder2 SpatiallyLoaded:1 Bounds:IsValid=true, Min=(X=867.353 Y=8855.481 Z=22.500), Max=(X=1661.239 Y=9225.103 Z=197.500) RuntimeGrid:None EditorOnly:0 RuntimeOnly:0 HLODRelevant:0
 |   |   |- Guid:6516F909470417CDD9F47E8F69E1B928 BaseClass: NativeClass:/Script/Engine.PlayerStart Name:PlayerStart_UAID_F875A42441417F7901_2135930316 Label:PlayerStart SpatiallyLoaded:0 Bounds:IsValid=true, Min=(X=1690.000 Y=3170.000 Z=98.000), Max=(X=1770.000 Y=3250.000 Z=282.000) RuntimeGrid:None EditorOnly:0 RuntimeOnly:0 HLODRelevant:0
 |   |   |- Guid:7243AE064809C0E5D3E9C5AB7A60637A BaseClass: NativeClass:/Script/Engine.PostProcessVolume Name:PostProcessVolume_1 Label:PostProcessVolume SpatiallyLoaded:0 Bounds:IsValid=true, Min=(X=0.000 Y=0.000 Z=400.000), Max=(X=200.000 Y=200.000 Z=600.000) RuntimeGrid:None EditorOnly:0 RuntimeOnly:0 HLODRelevant:0 FolderPath:Lighting FolderGuid:4C9334684BA61B42C769F799D2576455
 |   |   |- Guid:89FECF1B46839AF54155A2828415C5C5 BaseClass: NativeClass:/Script/Engine.StaticMeshActor Name:StaticMeshActor_UAID_F875A42441418A7601_1890573059 Label:Wall_Door_400x401 SpatiallyLoaded:1 Bounds:IsValid=true, Min=(X=1530.000 Y=2780.000 Z=70.000), Max=(X=1930.000 Y=2860.000 Z=470.000) RuntimeGrid:None EditorOnly:0 RuntimeOnly:0 HLODRelevant:1
 |   |   |- Guid:8CBC18534904FAF46E9CD5833F91F13C BaseClass:/Game/GameLogic/NPCs/Enemy/Types/Fighter/BP_Enemy_Fighter.BP_Enemy_Fighter_C NativeClass:/Script/Engine.Character Name:BP_Enemy_Fighter_C_UAID_F875A4244141BA7801_2054144622 Label:BP_Enemy_Fighter2 SpatiallyLoaded:1 Bounds:IsValid=true, Min=(X=926.000 Y=6932.500 Z=70.000), Max=(X=994.000 Y=7027.500 Z=281.588) RuntimeGrid:None EditorOnly:0 RuntimeOnly:0 HLODRelevant:0
 |   |   |- Guid:917C226D416EF46041B3ACBCFEA7E57B BaseClass: NativeClass:/Script/Engine.StaticMeshActor Name:StaticMeshActor_UAID_F875A42441418A7601_1890571058 Label:SM_Cube6 SpatiallyLoaded:1 Bounds:IsValid=true, Min=(X=660.000 Y=2770.000 Z=0.000), Max=(X=1535.000 Y=2870.000 Z=475.000) RuntimeGrid:None EditorOnly:0 RuntimeOnly:0 HLODRelevant:1 FolderPath:Playground FolderGuid:9FE5E8B349AF71F05F2688921F3F2AC5
 |   |   |- Guid:94C86D4E4BF67245F98F8AA0FB3A5211 BaseClass:/Game/GameLogic/MapObjects/Obstacles/Obstacle_Trim_90_In.Obstacle_Trim_90_In_C NativeClass:/Script/Engine.Actor Name:Obstacle_Trim_90_In_C_UAID_F875A42441418C7801_1556665533 Label:Obstacle_Trim_90_In SpatiallyLoaded:1 Bounds:IsValid=true, Min=(X=1940.901 Y=8511.802 Z=70.000), Max=(X=2259.100 Y=8830.000 Z=160.000) RuntimeGrid:None EditorOnly:0 RuntimeOnly:0 HLODRelevant:0
 |   |   |- Guid:9706D5E54EFED49DD51E4BAB902ADEC5 BaseClass:/Game/GameLogic/MapObjects/Obstacles/Obstacle_Pipe180.Obstacle_Pipe180_C NativeClass:/Script/Engine.Actor Name:Obstacle_Pipe180_C_UAID_F875A42441418C7801_1516564530 Label:Obstacle_Pipe180 SpatiallyLoaded:1 Bounds:IsValid=true, Min=(X=711.210 Y=5716.250 Z=70.000), Max=(X=1905.040 Y=6609.024 Z=657.500) RuntimeGrid:None EditorOnly:0 RuntimeOnly:0 HLODRelevant:0
 |   |   |- Guid:ADB8836446ECD9C7F10400B62E9BDDF9 BaseClass: NativeClass:/Script/Engine.SkyAtmosphere Name:SkyAtmosphere_1 Label:SkyAtmosphere SpatiallyLoaded:0 Bounds:IsValid=true, Min=(X=0.000 Y=0.000 Z=1020.000), Max=(X=0.000 Y=0.000 Z=1020.000) RuntimeGrid:None EditorOnly:0 RuntimeOnly:0 HLODRelevant:0 FolderPath:Lighting FolderGuid:4C9334684BA61B42C769F799D2576455
 |   |   |- Guid:AECE4D4B43B4FB1AD73E5AB3697DD13C BaseClass: NativeClass:/Script/Engine.DirectionalLight Name:DirectionalLight_1 Label:DirectionalLight SpatiallyLoaded:0 Bounds:IsValid=true, Min=(X=-4398046511104.000 Y=-4398046511104.000 Z=-4398046511104.000), Max=(X=4398046511104.000 Y=4398046511104.000 Z=4398046511104.000) RuntimeGrid:None EditorOnly:0 RuntimeOnly:0 HLODRelevant:0 FolderPath:Lighting FolderGuid:4C9334684BA61B42C769F799D2576455
 |   |   |- Guid:B4FE245A463AED51DF2D2589DA43B7E6 BaseClass: NativeClass:/Script/Engine.TextRenderActor Name:TextRenderActor_UAID_F875A4244141B87901_2144766322 Label:TextRenderActor SpatiallyLoaded:1 Bounds:IsValid=true, Min=(X=2645.872 Y=3810.000 Z=70.000), Max=(X=2740.000 Y=4885.890 Z=460.000) RuntimeGrid:None EditorOnly:0 RuntimeOnly:0 HLODRelevant:0
 |   |   |- Guid:B975F08C4DA729235F6DD0AD5AFA21B5 BaseClass: NativeClass:/Script/Engine.StaticMeshActor Name:StaticMeshActor_UAID_F875A42441418A7601_1757543056 Label:Wall_Door_400x400 SpatiallyLoaded:1 Bounds:IsValid=true, Min=(X=1550.000 Y=9680.000 Z=70.000), Max=(X=1950.000 Y=9760.000 Z=470.000) RuntimeGrid:None EditorOnly:0 RuntimeOnly:0 HLODRelevant:1
 |   |   |- Guid:C29DB6A449C2EBBE78ECC198D0BB9630 BaseClass:/Game/GameLogic/MapObjects/EndPoint.EndPoint_C NativeClass:/Script/Engine.Actor Name:EndPoint_C_UAID_F875A4244141C17901_2073490913 Label:EndPoint SpatiallyLoaded:1 Bounds:IsValid=true, Min=(X=1636.000 Y=9698.000 Z=58.000), Max=(X=1844.000 Y=9762.000 Z=202.000) RuntimeGrid:None EditorOnly:0 RuntimeOnly:0 HLODRelevant:0
 |   |   |- Guid:C72B939248ACE820A227729CE8308775 BaseClass: NativeClass:/Script/NavigationSystem.NavMeshBoundsVolume Name:NavMeshBoundsVolume_1 Label:NavMeshBoundsVolume SpatiallyLoaded:0 Bounds:IsValid=true, Min=(X=788.836 Y=2847.890 Z=-461.250), Max=(X=2712.836 Y=9692.890 Z=741.250) RuntimeGrid:None EditorOnly:0 RuntimeOnly:0 HLODRelevant:0 FolderPath:Navigation FolderGuid:AE45D61F453CC144CF8289862C276E89
 |   |   |- Guid:D345751F49260BD272CEF482B0745726 BaseClass: NativeClass:/Script/Engine.StaticMeshActor Name:StaticMeshActor_UAID_A4AE111137DC5CFB00_1660657071 Label:SM_SkySphere SpatiallyLoaded:0 Bounds:IsValid=true, Min=(X=-1638400.000 Y=-1638400.000 Z=-1638400.000), Max=(X=1638400.000 Y=1638400.000 Z=1638400.000) RuntimeGrid:None EditorOnly:0 RuntimeOnly:0 HLODRelevant:1 FolderPath:Lighting FolderGuid:4C9334684BA61B42C769F799D2576455
 |   |   |- Guid:D3BC56C842AAD4E657D4EFB2C9A17231 BaseClass:/Game/GameLogic/MapObjects/Obstacles/Obstacle_Cube.Obstacle_Cube_C NativeClass:/Script/Engine.Actor Name:Obstacle_Cube_C_UAID_F875A42441418C7801_1454004526 Label:Obstacle_Cube SpatiallyLoaded:1 Bounds:IsValid=true, Min=(X=1964.050 Y=7737.292 Z=-65.892), Max=(X=2395.951 Y=8238.592 Z=359.818) RuntimeGrid:None EditorOnly:0 RuntimeOnly:0 HLODRelevant:0
 |   |   |- Guid:DA96889A4ACB32E2B96D34ADCC305E30 BaseClass: NativeClass:/Script/Engine.StaticMeshActor Name:StaticMeshActor_18 Label:SM_Cube2 SpatiallyLoaded:1 Bounds:IsValid=true, Min=(X=670.000 Y=2770.000 Z=0.000), Max=(X=770.000 Y=9770.000 Z=475.000) RuntimeGrid:None EditorOnly:0 RuntimeOnly:0 HLODRelevant:1 FolderPath:Playground FolderGuid:9FE5E8B349AF71F05F2688921F3F2AC5
 |   |   |- Guid:DE08F8BF4E816C14ABE5F8BCF147DC07 BaseClass: NativeClass:/Script/Engine.SkyLight Name:SkyLight_1 Label:SkyLight SpatiallyLoaded:0 Bounds:IsValid=true, Min=(X=0.000 Y=0.000 Z=690.000), Max=(X=0.000 Y=0.000 Z=690.000) RuntimeGrid:None EditorOnly:0 RuntimeOnly:0 HLODRelevant:0 FolderPath:Lighting FolderGuid:4C9334684BA61B42C769F799D2576455
 |   |   |- Guid:F26123BE472D67B3061D748C5AFB629A BaseClass: NativeClass:/Script/Engine.VolumetricCloud Name:VolumetricCloud_0 Label:VolumetricCloud SpatiallyLoaded:0 Bounds:IsValid=true, Min=(X=0.000 Y=0.000 Z=820.000), Max=(X=0.000 Y=0.000 Z=820.000) RuntimeGrid:None EditorOnly:0 RuntimeOnly:0 HLODRelevant:0 FolderPath:Lighting FolderGuid:4C9334684BA61B42C769F799D2576455
 |   |   |- Guid:F36B163E4BBA3E91786748931E8B021A BaseClass: NativeClass:/Script/Engine.WorldDataLayers Name:WorldDataLayers Label:WorldDataLayers SpatiallyLoaded:0 Bounds:IsValid=true, Min=(X=0.000 Y=0.000 Z=0.000), Max=(X=0.000 Y=0.000 Z=0.000) RuntimeGrid:None EditorOnly:0 RuntimeOnly:0 HLODRelevant:0
 |   |   |- Guid:F6B4CE7A40DF0C867AB63FBB4C4A9FA5 BaseClass:/Game/GameLogic/MapObjects/Obstacles/Obstacle_Cylinder.Obstacle_Cylinder_C NativeClass:/Script/Engine.Actor Name:Obstacle_Cylinder_C_UAID_F875A42441418C7801_1489446528 Label:Obstacle_Cylinder SpatiallyLoaded:1 Bounds:IsValid=true, Min=(X=1062.500 Y=7672.500 Z=70.000), Max=(X=1237.500 Y=7847.500 Z=845.000) RuntimeGrid:None EditorOnly:0 RuntimeOnly:0 HLODRelevant:0
 |   |- [+] Clusters:
 |   |   |- [+] [  0]
 |   |   |   |- Guid:ADB8836446ECD9C7F10400B62E9BDDF9 BaseClass: NativeClass:/Script/Engine.SkyAtmosphere Name:SkyAtmosphere_1 Label:SkyAtmosphere SpatiallyLoaded:0 Bounds:IsValid=true, Min=(X=0.000 Y=0.000 Z=1020.000), Max=(X=0.000 Y=0.000 Z=1020.000) RuntimeGrid:None EditorOnly:0 RuntimeOnly:0 HLODRelevant:0 FolderPath:Lighting FolderGuid:4C9334684BA61B42C769F799D2576455
 |   |   |- [+] [  1]
 |   |   |   |- Guid:6516F909470417CDD9F47E8F69E1B928 BaseClass: NativeClass:/Script/Engine.PlayerStart Name:PlayerStart_UAID_F875A42441417F7901_2135930316 Label:PlayerStart SpatiallyLoaded:0 Bounds:IsValid=true, Min=(X=1690.000 Y=3170.000 Z=98.000), Max=(X=1770.000 Y=3250.000 Z=282.000) RuntimeGrid:None EditorOnly:0 RuntimeOnly:0 HLODRelevant:0
 |   |   |- [+] [  2]
 |   |   |   |- Guid:200B16F04D5B3DD435A6579A0CB9B24B BaseClass:/Game/GameLogic/MapObjects/Obstacles/Obstacle_Statue.Obstacle_Statue_C NativeClass:/Script/Engine.Actor Name:Obstacle_Statue_C_UAID_F875A42441418C7801_1541537531 Label:Obstacle_Statue SpatiallyLoaded:1 Bounds:IsValid=true, Min=(X=1599.187 Y=6599.187 Z=70.000), Max=(X=1840.813 Y=6840.813 Z=611.456) RuntimeGrid:None EditorOnly:0 RuntimeOnly:0 HLODRelevant:0
 |   |   |- [+] [  3]
 |   |   |   |- Guid:DE08F8BF4E816C14ABE5F8BCF147DC07 BaseClass: NativeClass:/Script/Engine.SkyLight Name:SkyLight_1 Label:SkyLight SpatiallyLoaded:0 Bounds:IsValid=true, Min=(X=0.000 Y=0.000 Z=690.000), Max=(X=0.000 Y=0.000 Z=690.000) RuntimeGrid:None EditorOnly:0 RuntimeOnly:0 HLODRelevant:0 FolderPath:Lighting FolderGuid:4C9334684BA61B42C769F799D2576455
 |   |   |- [+] [  4]
 |   |   |   |- Guid:58A514764F5D278C39D8578E3D22E199 BaseClass: NativeClass:/Script/Engine.ExponentialHeightFog Name:ExponentialHeightFog_1 Label:ExponentialHeightFog SpatiallyLoaded:0 Bounds:IsValid=true, Min=(X=-5600.000 Y=-50.000 Z=-6850.000), Max=(X=-5600.000 Y=-50.000 Z=-6850.000) RuntimeGrid:None EditorOnly:0 RuntimeOnly:0 HLODRelevant:0 FolderPath:Lighting FolderGuid:4C9334684BA61B42C769F799D2576455
 |   |   |- [+] [  5]
 |   |   |   |- Guid:D345751F49260BD272CEF482B0745726 BaseClass: NativeClass:/Script/Engine.StaticMeshActor Name:StaticMeshActor_UAID_A4AE111137DC5CFB00_1660657071 Label:SM_SkySphere SpatiallyLoaded:0 Bounds:IsValid=true, Min=(X=-1638400.000 Y=-1638400.000 Z=-1638400.000), Max=(X=1638400.000 Y=1638400.000 Z=1638400.000) RuntimeGrid:None EditorOnly:0 RuntimeOnly:0 HLODRelevant:1 FolderPath:Lighting FolderGuid:4C9334684BA61B42C769F799D2576455
 |   |   |- [+] [  6]
 |   |   |   |- Guid:5D4ACD2046117FB97BA21886D99E7F87 BaseClass: NativeClass:/Script/Engine.StaticMeshActor Name:StaticMeshActor_22 Label:SM_Cube5 SpatiallyLoaded:1 Bounds:IsValid=true, Min=(X=660.000 Y=9670.000 Z=0.000), Max=(X=1560.000 Y=9770.000 Z=475.000) RuntimeGrid:None EditorOnly:0 RuntimeOnly:0 HLODRelevant:1 FolderPath:Playground FolderGuid:9FE5E8B349AF71F05F2688921F3F2AC5
 |   |   |- [+] [  7]
 |   |   |   |- Guid:354DCB0E4072E3373EA0E5AA5F2555F9 BaseClass:/Game/GameLogic/MapObjects/Obstacles/Obstacle_Cube.Obstacle_Cube_C NativeClass:/Script/Engine.Actor Name:Obstacle_Cube_C_UAID_F875A42441418C7801_1477737527 Label:Obstacle_Cube2 SpatiallyLoaded:1 Bounds:IsValid=true, Min=(X=2075.387 Y=5155.907 Z=-75.892), Max=(X=2541.775 Y=5569.486 Z=349.818) RuntimeGrid:None EditorOnly:0 RuntimeOnly:0 HLODRelevant:0
 |   |   |- [+] [  8]
 |   |   |   |- Guid:C29DB6A449C2EBBE78ECC198D0BB9630 BaseClass:/Game/GameLogic/MapObjects/EndPoint.EndPoint_C NativeClass:/Script/Engine.Actor Name:EndPoint_C_UAID_F875A4244141C17901_2073490913 Label:EndPoint SpatiallyLoaded:1 Bounds:IsValid=true, Min=(X=1636.000 Y=9698.000 Z=58.000), Max=(X=1844.000 Y=9762.000 Z=202.000) RuntimeGrid:None EditorOnly:0 RuntimeOnly:0 HLODRelevant:0
 |   |   |- [+] [  9]
 |   |   |   |- Guid:B4FE245A463AED51DF2D2589DA43B7E6 BaseClass: NativeClass:/Script/Engine.TextRenderActor Name:TextRenderActor_UAID_F875A4244141B87901_2144766322 Label:TextRenderActor SpatiallyLoaded:1 Bounds:IsValid=true, Min=(X=2645.872 Y=3810.000 Z=70.000), Max=(X=2740.000 Y=4885.890 Z=460.000) RuntimeGrid:None EditorOnly:0 RuntimeOnly:0 HLODRelevant:0
 |   |   |- [+] [ 10]
 |   |   |   |- Guid:917C226D416EF46041B3ACBCFEA7E57B BaseClass: NativeClass:/Script/Engine.StaticMeshActor Name:StaticMeshActor_UAID_F875A42441418A7601_1890571058 Label:SM_Cube6 SpatiallyLoaded:1 Bounds:IsValid=true, Min=(X=660.000 Y=2770.000 Z=0.000), Max=(X=1535.000 Y=2870.000 Z=475.000) RuntimeGrid:None EditorOnly:0 RuntimeOnly:0 HLODRelevant:1 FolderPath:Playground FolderGuid:9FE5E8B349AF71F05F2688921F3F2AC5
 |   |   |- [+] [ 11]
 |   |   |   |- Guid:0FE3842E4A6C18AA00BFBE92A736C5F9 BaseClass: NativeClass:/Script/Engine.StaticMeshActor Name:StaticMeshActor_19 Label:SM_Cube3 SpatiallyLoaded:1 Bounds:IsValid=true, Min=(X=2740.000 Y=2770.000 Z=0.000), Max=(X=2840.000 Y=9770.000 Z=475.000) RuntimeGrid:None EditorOnly:0 RuntimeOnly:0 HLODRelevant:1 FolderPath:Playground FolderGuid:9FE5E8B349AF71F05F2688921F3F2AC5
 |   |   |- [+] [ 12]
 |   |   |   |- Guid:2C49AF7345348B20E9D144AD1DAE15C2 BaseClass: NativeClass:/Script/Engine.StaticMeshActor Name:StaticMeshActor_UAID_F875A42441418A7601_1835420057 Label:SM_Cube11 SpatiallyLoaded:1 Bounds:IsValid=true, Min=(X=1940.000 Y=9670.000 Z=0.000), Max=(X=2865.000 Y=9770.000 Z=475.000) RuntimeGrid:None EditorOnly:0 RuntimeOnly:0 HLODRelevant:1 FolderPath:Playground FolderGuid:9FE5E8B349AF71F05F2688921F3F2AC5
 |   |   |- [+] [ 13]
 |   |   |   |- Guid:5DB4CCB24E96D096E43E66806BC6E6E3 BaseClass:/Game/GameLogic/MapObjects/Obstacles/Obstacle_Cylinder.Obstacle_Cylinder_C NativeClass:/Script/Engine.Actor Name:Obstacle_Cylinder_C_UAID_F875A42441418C7801_1499330529 Label:Obstacle_Cylinder2 SpatiallyLoaded:1 Bounds:IsValid=true, Min=(X=867.353 Y=8855.481 Z=22.500), Max=(X=1661.239 Y=9225.103 Z=197.500) RuntimeGrid:None EditorOnly:0 RuntimeOnly:0 HLODRelevant:0
 |   |   |- [+] [ 14]
 |   |   |   |- Guid:94C86D4E4BF67245F98F8AA0FB3A5211 BaseClass:/Game/GameLogic/MapObjects/Obstacles/Obstacle_Trim_90_In.Obstacle_Trim_90_In_C NativeClass:/Script/Engine.Actor Name:Obstacle_Trim_90_In_C_UAID_F875A42441418C7801_1556665533 Label:Obstacle_Trim_90_In SpatiallyLoaded:1 Bounds:IsValid=true, Min=(X=1940.901 Y=8511.802 Z=70.000), Max=(X=2259.100 Y=8830.000 Z=160.000) RuntimeGrid:None EditorOnly:0 RuntimeOnly:0 HLODRelevant:0
 |   |   |- [+] [ 15]
 |   |   |   |- Guid:48AFEEFE4B8162BDA6F9219CD4B31311 BaseClass:/Game/GameLogic/MapObjects/StartPoint.StartPoint_C NativeClass:/Script/Engine.Actor Name:StartPoint_C_UAID_F875A42441417F7901_2105284315 Label:StartPoint SpatiallyLoaded:1 Bounds:IsValid=true, Min=(X=1674.000 Y=2772.000 Z=96.000), Max=(X=1786.000 Y=2948.000 Z=224.000) RuntimeGrid:None EditorOnly:0 RuntimeOnly:0 HLODRelevant:0
 |   |   |- [+] [ 16]
 |   |   |   |- Guid:F36B163E4BBA3E91786748931E8B021A BaseClass: NativeClass:/Script/Engine.WorldDataLayers Name:WorldDataLayers Label:WorldDataLayers SpatiallyLoaded:0 Bounds:IsValid=true, Min=(X=0.000 Y=0.000 Z=0.000), Max=(X=0.000 Y=0.000 Z=0.000) RuntimeGrid:None EditorOnly:0 RuntimeOnly:0 HLODRelevant:0
 |   |   |- [+] [ 17]
 |   |   |   |- Guid:48F232424D18A05F97D7CF871AF1492A BaseClass: NativeClass:/Script/Engine.StaticMeshActor Name:StaticMeshActor_17 Label:SM_Cube SpatiallyLoaded:1 Bounds:IsValid=true, Min=(X=-1210.000 Y=-1530.000 Z=-50.000), Max=(X=5015.000 Y=14145.000 Z=66.667) RuntimeGrid:None EditorOnly:0 RuntimeOnly:0 HLODRelevant:1 FolderPath:Playground FolderGuid:9FE5E8B349AF71F05F2688921F3F2AC5
 |   |   |- [+] [ 18]
 |   |   |   |- Guid:D3BC56C842AAD4E657D4EFB2C9A17231 BaseClass:/Game/GameLogic/MapObjects/Obstacles/Obstacle_Cube.Obstacle_Cube_C NativeClass:/Script/Engine.Actor Name:Obstacle_Cube_C_UAID_F875A42441418C7801_1454004526 Label:Obstacle_Cube SpatiallyLoaded:1 Bounds:IsValid=true, Min=(X=1964.050 Y=7737.292 Z=-65.892), Max=(X=2395.951 Y=8238.592 Z=359.818) RuntimeGrid:None EditorOnly:0 RuntimeOnly:0 HLODRelevant:0
 |   |   |- [+] [ 19]
 |   |   |   |- Guid:B975F08C4DA729235F6DD0AD5AFA21B5 BaseClass: NativeClass:/Script/Engine.StaticMeshActor Name:StaticMeshActor_UAID_F875A42441418A7601_1757543056 Label:Wall_Door_400x400 SpatiallyLoaded:1 Bounds:IsValid=true, Min=(X=1550.000 Y=9680.000 Z=70.000), Max=(X=1950.000 Y=9760.000 Z=470.000) RuntimeGrid:None EditorOnly:0 RuntimeOnly:0 HLODRelevant:1
 |   |   |- [+] [ 20]
 |   |   |   |- Guid:C72B939248ACE820A227729CE8308775 BaseClass: NativeClass:/Script/NavigationSystem.NavMeshBoundsVolume Name:NavMeshBoundsVolume_1 Label:NavMeshBoundsVolume SpatiallyLoaded:0 Bounds:IsValid=true, Min=(X=788.836 Y=2847.890 Z=-461.250), Max=(X=2712.836 Y=9692.890 Z=741.250) RuntimeGrid:None EditorOnly:0 RuntimeOnly:0 HLODRelevant:0 FolderPath:Navigation FolderGuid:AE45D61F453CC144CF8289862C276E89
 |   |   |- [+] [ 21]
 |   |   |   |- Guid:AECE4D4B43B4FB1AD73E5AB3697DD13C BaseClass: NativeClass:/Script/Engine.DirectionalLight Name:DirectionalLight_1 Label:DirectionalLight SpatiallyLoaded:0 Bounds:IsValid=true, Min=(X=-4398046511104.000 Y=-4398046511104.000 Z=-4398046511104.000), Max=(X=4398046511104.000 Y=4398046511104.000 Z=4398046511104.000) RuntimeGrid:None EditorOnly:0 RuntimeOnly:0 HLODRelevant:0 FolderPath:Lighting FolderGuid:4C9334684BA61B42C769F799D2576455
 |   |   |- [+] [ 22]
 |   |   |   |- Guid:F6B4CE7A40DF0C867AB63FBB4C4A9FA5 BaseClass:/Game/GameLogic/MapObjects/Obstacles/Obstacle_Cylinder.Obstacle_Cylinder_C NativeClass:/Script/Engine.Actor Name:Obstacle_Cylinder_C_UAID_F875A42441418C7801_1489446528 Label:Obstacle_Cylinder SpatiallyLoaded:1 Bounds:IsValid=true, Min=(X=1062.500 Y=7672.500 Z=70.000), Max=(X=1237.500 Y=7847.500 Z=845.000) RuntimeGrid:None EditorOnly:0 RuntimeOnly:0 HLODRelevant:0
 |   |   |- [+] [ 23]
 |   |   |   |- Guid:0CF229D84AC3624B818EF9AF98920E96 BaseClass:/Game/GameLogic/MapObjects/Obstacles/Obstacle_Trim_90_Out.Obstacle_Trim_90_Out_C NativeClass:/Script/Engine.Actor Name:Obstacle_Trim_90_Out_C_UAID_F875A42441418C7801_1550515532 Label:Obstacle_Trim_90_Out SpatiallyLoaded:1 Bounds:IsValid=true, Min=(X=1750.000 Y=7250.000 Z=70.000), Max=(X=2000.001 Y=7500.000 Z=170.000) RuntimeGrid:None EditorOnly:0 RuntimeOnly:0 HLODRelevant:0
 |   |   |- [+] [ 24]
 |   |   |   |- Guid:DA96889A4ACB32E2B96D34ADCC305E30 BaseClass: NativeClass:/Script/Engine.StaticMeshActor Name:StaticMeshActor_18 Label:SM_Cube2 SpatiallyLoaded:1 Bounds:IsValid=true, Min=(X=670.000 Y=2770.000 Z=0.000), Max=(X=770.000 Y=9770.000 Z=475.000) RuntimeGrid:None EditorOnly:0 RuntimeOnly:0 HLODRelevant:1 FolderPath:Playground FolderGuid:9FE5E8B349AF71F05F2688921F3F2AC5
 |   |   |- [+] [ 25]
 |   |   |   |- Guid:89FECF1B46839AF54155A2828415C5C5 BaseClass: NativeClass:/Script/Engine.StaticMeshActor Name:StaticMeshActor_UAID_F875A42441418A7601_1890573059 Label:Wall_Door_400x401 SpatiallyLoaded:1 Bounds:IsValid=true, Min=(X=1530.000 Y=2780.000 Z=70.000), Max=(X=1930.000 Y=2860.000 Z=470.000) RuntimeGrid:None EditorOnly:0 RuntimeOnly:0 HLODRelevant:1
 |   |   |- [+] [ 26]
 |   |   |   |- Guid:34676B784907F6EB2E304DAF3D7862DC BaseClass: NativeClass:/Script/Engine.StaticMeshActor Name:StaticMeshActor_UAID_F875A42441418A7601_1890574060 Label:SM_Cube12 SpatiallyLoaded:1 Bounds:IsValid=true, Min=(X=1930.000 Y=2770.000 Z=0.000), Max=(X=2855.000 Y=2870.000 Z=475.000) RuntimeGrid:None EditorOnly:0 RuntimeOnly:0 HLODRelevant:1 FolderPath:Playground FolderGuid:9FE5E8B349AF71F05F2688921F3F2AC5
 |   |   |- [+] [ 27]
 |   |   |   |- Guid:7243AE064809C0E5D3E9C5AB7A60637A BaseClass: NativeClass:/Script/Engine.PostProcessVolume Name:PostProcessVolume_1 Label:PostProcessVolume SpatiallyLoaded:0 Bounds:IsValid=true, Min=(X=0.000 Y=0.000 Z=400.000), Max=(X=200.000 Y=200.000 Z=600.000) RuntimeGrid:None EditorOnly:0 RuntimeOnly:0 HLODRelevant:0 FolderPath:Lighting FolderGuid:4C9334684BA61B42C769F799D2576455
 |   |   |- [+] [ 28]
 |   |   |   |- Guid:F26123BE472D67B3061D748C5AFB629A BaseClass: NativeClass:/Script/Engine.VolumetricCloud Name:VolumetricCloud_0 Label:VolumetricCloud SpatiallyLoaded:0 Bounds:IsValid=true, Min=(X=0.000 Y=0.000 Z=820.000), Max=(X=0.000 Y=0.000 Z=820.000) RuntimeGrid:None EditorOnly:0 RuntimeOnly:0 HLODRelevant:0 FolderPath:Lighting FolderGuid:4C9334684BA61B42C769F799D2576455
 |   |   |- [+] [ 29]
 |   |   |   |- Guid:9706D5E54EFED49DD51E4BAB902ADEC5 BaseClass:/Game/GameLogic/MapObjects/Obstacles/Obstacle_Pipe180.Obstacle_Pipe180_C NativeClass:/Script/Engine.Actor Name:Obstacle_Pipe180_C_UAID_F875A42441418C7801_1516564530 Label:Obstacle_Pipe180 SpatiallyLoaded:1 Bounds:IsValid=true, Min=(X=711.210 Y=5716.250 Z=70.000), Max=(X=1905.040 Y=6609.024 Z=657.500) RuntimeGrid:None EditorOnly:0 RuntimeOnly:0 HLODRelevant:0
 |   |   |- [+] [ 30]
 |   |   |   |- Guid:8CBC18534904FAF46E9CD5833F91F13C BaseClass:/Game/GameLogic/NPCs/Enemy/Types/Fighter/BP_Enemy_Fighter.BP_Enemy_Fighter_C NativeClass:/Script/Engine.Character Name:BP_Enemy_Fighter_C_UAID_F875A4244141BA7801_2054144622 Label:BP_Enemy_Fighter2 SpatiallyLoaded:1 Bounds:IsValid=true, Min=(X=926.000 Y=6932.500 Z=70.000), Max=(X=994.000 Y=7027.500 Z=281.588) RuntimeGrid:None EditorOnly:0 RuntimeOnly:0 HLODRelevant:0
 |- ContainerInstances:
 |- [+] MainContainer:
 |   |-        ID: 0x0000000000000000
 |   |-    Bounds: IsValid=false, Min=(X=0.000 Y=0.000 Z=0.000), Max=(X=0.000 Y=0.000 Z=0.000)
 |   |- Transform: 0.000000,0.000000,0.000000|0.000000,0.000000,-0.000000|1.000000,1.000000,1.000000
 |   |- Container: /Game/GameLogic/Levels/Level1/Level1_8
----------------------------------------------------------------------------------------------------------------
Level1_8 - Persistent Level
----------------------------------------------------------------------------------------------------------------
Always loaded Actor Count: 39 

----------------------------------------------------------------------------------------------------------------
Level1_8 - Runtime Spatial Hash - Streaming Grid - MainGrid
----------------------------------------------------------------------------------------------------------------
            Origin: X=0.000 Y=0.000 Z=0.000
         Cell Size: 12800
      World Bounds: IsValid=false, Min=(X=0.000 Y=0.000 Z=0.000), Max=(X=0.000 Y=0.000 Z=0.000)
     Loading Range: 25600.00
Block Slow Loading: No
 ClientOnlyVisible: No

[+] Grid Levels: 1
 |- Level  0: Cell Count    0 | Cell Size   12800 | Actor Count    0 (0.0%)

[+] Content of Grid Level 0

