[+] Containers:
 |- [+] Container: /Game/GameLogic/Levels/Level1/Level1_7
 |   |- [+] ActorDescs:
 |   |   |- Guid:07892FA346078C26ABFD839F67BCF2FA BaseClass:/Game/GameLogic/MapObjects/Obstacles/Obstacle_Statue.Obstacle_Statue_C NativeClass:/Script/Engine.Actor Name:Obstacle_Statue_C_UAID_F875A42441418C7801_1541537531 Label:Obstacle_Statue SpatiallyLoaded:1 Bounds:IsValid=true, Min=(X=1599.187 Y=6599.187 Z=70.000), Max=(X=1840.813 Y=6840.813 Z=611.456) RuntimeGrid:None EditorOnly:0 RuntimeOnly:0 HLODRelevant:0
 |   |   |- Guid:0B7594594647C04CC6CD939C30DD5C61 BaseClass: NativeClass:/Script/Engine.WorldDataLayers Name:WorldDataLayers Label:WorldDataLayers SpatiallyLoaded:0 Bounds:IsValid=true, Min=(X=0.000 Y=0.000 Z=0.000), Max=(X=0.000 Y=0.000 Z=0.000) RuntimeGrid:None EditorOnly:0 RuntimeOnly:0 HLODRelevant:0
 |   |   |- Guid:1EBB3D4E442E8AF3EC064C8010D27E6F BaseClass: NativeClass:/Script/Engine.StaticMeshActor Name:StaticMeshActor_UAID_A4AE111137DC5CFB00_1660657071 Label:SM_SkySphere SpatiallyLoaded:0 Bounds:IsValid=true, Min=(X=-1638400.000 Y=-1638400.000 Z=-1638400.000), Max=(X=1638400.000 Y=1638400.000 Z=1638400.000) RuntimeGrid:None EditorOnly:0 RuntimeOnly:0 HLODRelevant:1 FolderPath:Lighting FolderGuid:4C9334684BA61B42C769F799D2576455
 |   |   |- Guid:250A35D6433575A590F170ABDE2BCC6D BaseClass: NativeClass:/Script/Engine.StaticMeshActor Name:StaticMeshActor_19 Label:SM_Cube3 SpatiallyLoaded:1 Bounds:IsValid=true, Min=(X=2740.000 Y=2770.000 Z=0.000), Max=(X=2840.000 Y=9770.000 Z=475.000) RuntimeGrid:None EditorOnly:0 RuntimeOnly:0 HLODRelevant:1 FolderPath:Playground FolderGuid:9FE5E8B349AF71F05F2688921F3F2AC5
 |   |   |- Guid:290EA2D741B00F5744A48C94D20E9359 BaseClass:/Game/GameLogic/MapObjects/Obstacles/Obstacle_Cylinder.Obstacle_Cylinder_C NativeClass:/Script/Engine.Actor Name:Obstacle_Cylinder_C_UAID_F875A42441418C7801_1489446528 Label:Obstacle_Cylinder SpatiallyLoaded:1 Bounds:IsValid=true, Min=(X=1062.500 Y=7672.500 Z=70.000), Max=(X=1237.500 Y=7847.500 Z=845.000) RuntimeGrid:None EditorOnly:0 RuntimeOnly:0 HLODRelevant:0
 |   |   |- Guid:2B0A1F334ED4C651A28F89ABF3E4066F BaseClass: NativeClass:/Script/Engine.PostProcessVolume Name:PostProcessVolume_1 Label:PostProcessVolume SpatiallyLoaded:0 Bounds:IsValid=true, Min=(X=0.000 Y=0.000 Z=400.000), Max=(X=200.000 Y=200.000 Z=600.000) RuntimeGrid:None EditorOnly:0 RuntimeOnly:0 HLODRelevant:0 FolderPath:Lighting FolderGuid:4C9334684BA61B42C769F799D2576455
 |   |   |- Guid:53C11D0D492542E8BF207F92C45AC72D BaseClass: NativeClass:/Script/Engine.StaticMeshActor Name:StaticMeshActor_UAID_F875A42441418A7601_1890573059 Label:Wall_Door_400x401 SpatiallyLoaded:1 Bounds:IsValid=true, Min=(X=1530.000 Y=2780.000 Z=70.000), Max=(X=1930.000 Y=2860.000 Z=470.000) RuntimeGrid:None EditorOnly:0 RuntimeOnly:0 HLODRelevant:1
 |   |   |- Guid:69EC06A5434ED2DDF6FE648603874358 BaseClass: NativeClass:/Script/Engine.StaticMeshActor Name:StaticMeshActor_UAID_F875A42441418A7601_1890571058 Label:SM_Cube6 SpatiallyLoaded:1 Bounds:IsValid=true, Min=(X=660.000 Y=2770.000 Z=0.000), Max=(X=1535.000 Y=2870.000 Z=475.000) RuntimeGrid:None EditorOnly:0 RuntimeOnly:0 HLODRelevant:1 FolderPath:Playground FolderGuid:9FE5E8B349AF71F05F2688921F3F2AC5
 |   |   |- Guid:6A531D5944EC18748A1ED89097E41F06 BaseClass:/Game/GameLogic/MapObjects/Obstacles/Obstacle_Trim_90_In.Obstacle_Trim_90_In_C NativeClass:/Script/Engine.Actor Name:Obstacle_Trim_90_In_C_UAID_F875A42441418C7801_1556665533 Label:Obstacle_Trim_90_In SpatiallyLoaded:1 Bounds:IsValid=true, Min=(X=1940.901 Y=8511.802 Z=70.000), Max=(X=2259.100 Y=8830.000 Z=160.000) RuntimeGrid:None EditorOnly:0 RuntimeOnly:0 HLODRelevant:0
 |   |   |- Guid:7A5875224E68AACB25AEF68EBEAF766A BaseClass:/Game/GameLogic/MapObjects/EndPoint.EndPoint_C NativeClass:/Script/Engine.Actor Name:EndPoint_C_UAID_F875A4244141C17901_2064696912 Label:EndPoint SpatiallyLoaded:1 Bounds:IsValid=true, Min=(X=1636.000 Y=9698.000 Z=58.000), Max=(X=1844.000 Y=9762.000 Z=202.000) RuntimeGrid:None EditorOnly:0 RuntimeOnly:0 HLODRelevant:0
 |   |   |- Guid:7AB0FB2C4EB1F54E677DA39F7666CFE2 BaseClass: NativeClass:/Script/Engine.StaticMeshActor Name:StaticMeshActor_UAID_F875A42441418A7601_1890574060 Label:SM_Cube12 SpatiallyLoaded:1 Bounds:IsValid=true, Min=(X=1930.000 Y=2770.000 Z=0.000), Max=(X=2855.000 Y=2870.000 Z=475.000) RuntimeGrid:None EditorOnly:0 RuntimeOnly:0 HLODRelevant:1 FolderPath:Playground FolderGuid:9FE5E8B349AF71F05F2688921F3F2AC5
 |   |   |- Guid:7FCE08284FA12AAA0C20439BDA2BA3C3 BaseClass:/Game/GameLogic/MapObjects/Obstacles/Obstacle_Cylinder.Obstacle_Cylinder_C NativeClass:/Script/Engine.Actor Name:Obstacle_Cylinder_C_UAID_F875A42441418C7801_1499330529 Label:Obstacle_Cylinder2 SpatiallyLoaded:1 Bounds:IsValid=true, Min=(X=867.353 Y=8855.481 Z=22.500), Max=(X=1661.239 Y=9225.103 Z=197.500) RuntimeGrid:None EditorOnly:0 RuntimeOnly:0 HLODRelevant:0
 |   |   |- Guid:8DCD181A4AFB30A3AA6FB89DA76CE0B9 BaseClass: NativeClass:/Script/Engine.StaticMeshActor Name:StaticMeshActor_UAID_F875A42441418A7601_1757543056 Label:Wall_Door_400x400 SpatiallyLoaded:1 Bounds:IsValid=true, Min=(X=1550.000 Y=9680.000 Z=70.000), Max=(X=1950.000 Y=9760.000 Z=470.000) RuntimeGrid:None EditorOnly:0 RuntimeOnly:0 HLODRelevant:1
 |   |   |- Guid:A01A80344ED20F2BA8D0BD96AA62D2AC BaseClass: NativeClass:/Script/Engine.ExponentialHeightFog Name:ExponentialHeightFog_1 Label:ExponentialHeightFog SpatiallyLoaded:0 Bounds:IsValid=true, Min=(X=-5600.000 Y=-50.000 Z=-6850.000), Max=(X=-5600.000 Y=-50.000 Z=-6850.000) RuntimeGrid:None EditorOnly:0 RuntimeOnly:0 HLODRelevant:0 FolderPath:Lighting FolderGuid:4C9334684BA61B42C769F799D2576455
 |   |   |- Guid:A07A19A247F33D99E1CA32943CADB36E BaseClass: NativeClass:/Script/Engine.PlayerStart Name:PlayerStart_UAID_F875A42441417F7901_2135930316 Label:PlayerStart SpatiallyLoaded:0 Bounds:IsValid=true, Min=(X=1690.000 Y=3170.000 Z=98.000), Max=(X=1770.000 Y=3250.000 Z=282.000) RuntimeGrid:None EditorOnly:0 RuntimeOnly:0 HLODRelevant:0
 |   |   |- Guid:A2DBBDC14A7A72E86A90CC91AA5C14AB BaseClass: NativeClass:/Script/NavigationSystem.NavMeshBoundsVolume Name:NavMeshBoundsVolume_1 Label:NavMeshBoundsVolume SpatiallyLoaded:0 Bounds:IsValid=true, Min=(X=788.836 Y=2847.890 Z=-461.250), Max=(X=2712.836 Y=9692.890 Z=741.250) RuntimeGrid:None EditorOnly:0 RuntimeOnly:0 HLODRelevant:0 FolderPath:Navigation FolderGuid:AE45D61F453CC144CF8289862C276E89
 |   |   |- Guid:A3784AB34DCFC5D5924222BB632B47F1 BaseClass: NativeClass:/Script/Engine.DirectionalLight Name:DirectionalLight_1 Label:DirectionalLight SpatiallyLoaded:0 Bounds:IsValid=true, Min=(X=-4398046511104.000 Y=-4398046511104.000 Z=-4398046511104.000), Max=(X=4398046511104.000 Y=4398046511104.000 Z=4398046511104.000) RuntimeGrid:None EditorOnly:0 RuntimeOnly:0 HLODRelevant:0 FolderPath:Lighting FolderGuid:4C9334684BA61B42C769F799D2576455
 |   |   |- Guid:A8EA16194F2661B41C7A149BA6C8C04F BaseClass: NativeClass:/Script/Engine.StaticMeshActor Name:StaticMeshActor_18 Label:SM_Cube2 SpatiallyLoaded:1 Bounds:IsValid=true, Min=(X=670.000 Y=2770.000 Z=0.000), Max=(X=770.000 Y=9770.000 Z=475.000) RuntimeGrid:None EditorOnly:0 RuntimeOnly:0 HLODRelevant:1 FolderPath:Playground FolderGuid:9FE5E8B349AF71F05F2688921F3F2AC5
 |   |   |- Guid:B1C4FD644C9949F97374579B375DFF49 BaseClass:/Game/GameLogic/MapObjects/StartPoint.StartPoint_C NativeClass:/Script/Engine.Actor Name:StartPoint_C_UAID_F875A42441417F7901_2105284315 Label:StartPoint SpatiallyLoaded:1 Bounds:IsValid=true, Min=(X=1674.000 Y=2772.000 Z=96.000), Max=(X=1786.000 Y=2948.000 Z=224.000) RuntimeGrid:None EditorOnly:0 RuntimeOnly:0 HLODRelevant:0
 |   |   |- Guid:B3E6D54A4C7781994D78C29DC6157AB7 BaseClass:/Game/GameLogic/MapObjects/Obstacles/Obstacle_Trim_90_Out.Obstacle_Trim_90_Out_C NativeClass:/Script/Engine.Actor Name:Obstacle_Trim_90_Out_C_UAID_F875A42441418C7801_1550515532 Label:Obstacle_Trim_90_Out SpatiallyLoaded:1 Bounds:IsValid=true, Min=(X=1750.000 Y=7250.000 Z=70.000), Max=(X=2000.001 Y=7500.000 Z=170.000) RuntimeGrid:None EditorOnly:0 RuntimeOnly:0 HLODRelevant:0
 |   |   |- Guid:C13EE103464E1BEAF5CD36A1A57183FB BaseClass:/Game/GameLogic/NPCs/Enemy/Types/Fighter/BP_Enemy_Fighter.BP_Enemy_Fighter_C NativeClass:/Script/Engine.Character Name:BP_Enemy_Fighter_C_UAID_F875A4244141BA7801_2054144622 Label:BP_Enemy_Fighter2 SpatiallyLoaded:1 Bounds:IsValid=true, Min=(X=926.000 Y=6932.500 Z=70.000), Max=(X=994.000 Y=7027.500 Z=281.588) RuntimeGrid:None EditorOnly:0 RuntimeOnly:0 HLODRelevant:0
 |   |   |- Guid:C2B6BA014B0D8BA9C8AD9987A8148531 BaseClass: NativeClass:/Script/Engine.StaticMeshActor Name:StaticMeshActor_17 Label:SM_Cube SpatiallyLoaded:1 Bounds:IsValid=true, Min=(X=-1210.000 Y=-1530.000 Z=-50.000), Max=(X=5015.000 Y=14145.000 Z=66.667) RuntimeGrid:None EditorOnly:0 RuntimeOnly:0 HLODRelevant:1 FolderPath:Playground FolderGuid:9FE5E8B349AF71F05F2688921F3F2AC5
 |   |   |- Guid:C31947844026812F9F9E0A851DD10F86 BaseClass: NativeClass:/Script/Engine.TextRenderActor Name:TextRenderActor_UAID_F875A4244141B87901_2144766322 Label:TextRenderActor SpatiallyLoaded:1 Bounds:IsValid=true, Min=(X=2645.872 Y=3810.000 Z=70.000), Max=(X=2740.000 Y=4885.890 Z=460.000) RuntimeGrid:None EditorOnly:0 RuntimeOnly:0 HLODRelevant:0
 |   |   |- Guid:C9C710FD4203231F5EFAC68BE87613E5 BaseClass:/Game/GameLogic/MapObjects/Obstacles/Obstacle_Cube.Obstacle_Cube_C NativeClass:/Script/Engine.Actor Name:Obstacle_Cube_C_UAID_F875A42441418C7801_1477737527 Label:Obstacle_Cube2 SpatiallyLoaded:1 Bounds:IsValid=true, Min=(X=2075.387 Y=5155.907 Z=-75.892), Max=(X=2541.775 Y=5569.486 Z=349.818) RuntimeGrid:None EditorOnly:0 RuntimeOnly:0 HLODRelevant:0
 |   |   |- Guid:DC4D2EC04B6511F95D5C7AA9B0019BC2 BaseClass:/Game/GameLogic/MapObjects/Obstacles/Obstacle_Cube.Obstacle_Cube_C NativeClass:/Script/Engine.Actor Name:Obstacle_Cube_C_UAID_F875A42441418C7801_1454004526 Label:Obstacle_Cube SpatiallyLoaded:1 Bounds:IsValid=true, Min=(X=1964.050 Y=7737.292 Z=-65.892), Max=(X=2395.951 Y=8238.592 Z=359.818) RuntimeGrid:None EditorOnly:0 RuntimeOnly:0 HLODRelevant:0
 |   |   |- Guid:DC8EABAB4D71AC588B901EAF804999CF BaseClass: NativeClass:/Script/Engine.SkyLight Name:SkyLight_1 Label:SkyLight SpatiallyLoaded:0 Bounds:IsValid=true, Min=(X=0.000 Y=0.000 Z=690.000), Max=(X=0.000 Y=0.000 Z=690.000) RuntimeGrid:None EditorOnly:0 RuntimeOnly:0 HLODRelevant:0 FolderPath:Lighting FolderGuid:4C9334684BA61B42C769F799D2576455
 |   |   |- Guid:E07C2A2B435EC4DB995FF5B08B860341 BaseClass:/Game/GameLogic/MapObjects/Obstacles/Obstacle_Pipe180.Obstacle_Pipe180_C NativeClass:/Script/Engine.Actor Name:Obstacle_Pipe180_C_UAID_F875A42441418C7801_1516564530 Label:Obstacle_Pipe180 SpatiallyLoaded:1 Bounds:IsValid=true, Min=(X=711.210 Y=5716.250 Z=70.000), Max=(X=1905.040 Y=6609.024 Z=657.500) RuntimeGrid:None EditorOnly:0 RuntimeOnly:0 HLODRelevant:0
 |   |   |- Guid:EB4065D04A4CFC265656FD89C862A69C BaseClass: NativeClass:/Script/Engine.VolumetricCloud Name:VolumetricCloud_0 Label:VolumetricCloud SpatiallyLoaded:0 Bounds:IsValid=true, Min=(X=0.000 Y=0.000 Z=820.000), Max=(X=0.000 Y=0.000 Z=820.000) RuntimeGrid:None EditorOnly:0 RuntimeOnly:0 HLODRelevant:0 FolderPath:Lighting FolderGuid:4C9334684BA61B42C769F799D2576455
 |   |   |- Guid:F06FCDE34068B6C929B651B5446131F6 BaseClass: NativeClass:/Script/Engine.StaticMeshActor Name:StaticMeshActor_UAID_F875A42441418A7601_1835420057 Label:SM_Cube11 SpatiallyLoaded:1 Bounds:IsValid=true, Min=(X=1940.000 Y=9670.000 Z=0.000), Max=(X=2865.000 Y=9770.000 Z=475.000) RuntimeGrid:None EditorOnly:0 RuntimeOnly:0 HLODRelevant:1 FolderPath:Playground FolderGuid:9FE5E8B349AF71F05F2688921F3F2AC5
 |   |   |- Guid:F968668C4E034596AB5A3AB0A11DE938 BaseClass: NativeClass:/Script/Engine.SkyAtmosphere Name:SkyAtmosphere_1 Label:SkyAtmosphere SpatiallyLoaded:0 Bounds:IsValid=true, Min=(X=0.000 Y=0.000 Z=1020.000), Max=(X=0.000 Y=0.000 Z=1020.000) RuntimeGrid:None EditorOnly:0 RuntimeOnly:0 HLODRelevant:0 FolderPath:Lighting FolderGuid:4C9334684BA61B42C769F799D2576455
 |   |   |- Guid:FF9C1C414E06B3904249BF92541F0A43 BaseClass: NativeClass:/Script/Engine.StaticMeshActor Name:StaticMeshActor_22 Label:SM_Cube5 SpatiallyLoaded:1 Bounds:IsValid=true, Min=(X=660.000 Y=9670.000 Z=0.000), Max=(X=1560.000 Y=9770.000 Z=475.000) RuntimeGrid:None EditorOnly:0 RuntimeOnly:0 HLODRelevant:1 FolderPath:Playground FolderGuid:9FE5E8B349AF71F05F2688921F3F2AC5
 |   |- [+] Clusters:
 |   |   |- [+] [  0]
 |   |   |   |- Guid:250A35D6433575A590F170ABDE2BCC6D BaseClass: NativeClass:/Script/Engine.StaticMeshActor Name:StaticMeshActor_19 Label:SM_Cube3 SpatiallyLoaded:1 Bounds:IsValid=true, Min=(X=2740.000 Y=2770.000 Z=0.000), Max=(X=2840.000 Y=9770.000 Z=475.000) RuntimeGrid:None EditorOnly:0 RuntimeOnly:0 HLODRelevant:1 FolderPath:Playground FolderGuid:9FE5E8B349AF71F05F2688921F3F2AC5
 |   |   |- [+] [  1]
 |   |   |   |- Guid:B3E6D54A4C7781994D78C29DC6157AB7 BaseClass:/Game/GameLogic/MapObjects/Obstacles/Obstacle_Trim_90_Out.Obstacle_Trim_90_Out_C NativeClass:/Script/Engine.Actor Name:Obstacle_Trim_90_Out_C_UAID_F875A42441418C7801_1550515532 Label:Obstacle_Trim_90_Out SpatiallyLoaded:1 Bounds:IsValid=true, Min=(X=1750.000 Y=7250.000 Z=70.000), Max=(X=2000.001 Y=7500.000 Z=170.000) RuntimeGrid:None EditorOnly:0 RuntimeOnly:0 HLODRelevant:0
 |   |   |- [+] [  2]
 |   |   |   |- Guid:A07A19A247F33D99E1CA32943CADB36E BaseClass: NativeClass:/Script/Engine.PlayerStart Name:PlayerStart_UAID_F875A42441417F7901_2135930316 Label:PlayerStart SpatiallyLoaded:0 Bounds:IsValid=true, Min=(X=1690.000 Y=3170.000 Z=98.000), Max=(X=1770.000 Y=3250.000 Z=282.000) RuntimeGrid:None EditorOnly:0 RuntimeOnly:0 HLODRelevant:0
 |   |   |- [+] [  3]
 |   |   |   |- Guid:7AB0FB2C4EB1F54E677DA39F7666CFE2 BaseClass: NativeClass:/Script/Engine.StaticMeshActor Name:StaticMeshActor_UAID_F875A42441418A7601_1890574060 Label:SM_Cube12 SpatiallyLoaded:1 Bounds:IsValid=true, Min=(X=1930.000 Y=2770.000 Z=0.000), Max=(X=2855.000 Y=2870.000 Z=475.000) RuntimeGrid:None EditorOnly:0 RuntimeOnly:0 HLODRelevant:1 FolderPath:Playground FolderGuid:9FE5E8B349AF71F05F2688921F3F2AC5
 |   |   |- [+] [  4]
 |   |   |   |- Guid:69EC06A5434ED2DDF6FE648603874358 BaseClass: NativeClass:/Script/Engine.StaticMeshActor Name:StaticMeshActor_UAID_F875A42441418A7601_1890571058 Label:SM_Cube6 SpatiallyLoaded:1 Bounds:IsValid=true, Min=(X=660.000 Y=2770.000 Z=0.000), Max=(X=1535.000 Y=2870.000 Z=475.000) RuntimeGrid:None EditorOnly:0 RuntimeOnly:0 HLODRelevant:1 FolderPath:Playground FolderGuid:9FE5E8B349AF71F05F2688921F3F2AC5
 |   |   |- [+] [  5]
 |   |   |   |- Guid:C2B6BA014B0D8BA9C8AD9987A8148531 BaseClass: NativeClass:/Script/Engine.StaticMeshActor Name:StaticMeshActor_17 Label:SM_Cube SpatiallyLoaded:1 Bounds:IsValid=true, Min=(X=-1210.000 Y=-1530.000 Z=-50.000), Max=(X=5015.000 Y=14145.000 Z=66.667) RuntimeGrid:None EditorOnly:0 RuntimeOnly:0 HLODRelevant:1 FolderPath:Playground FolderGuid:9FE5E8B349AF71F05F2688921F3F2AC5
 |   |   |- [+] [  6]
 |   |   |   |- Guid:C31947844026812F9F9E0A851DD10F86 BaseClass: NativeClass:/Script/Engine.TextRenderActor Name:TextRenderActor_UAID_F875A4244141B87901_2144766322 Label:TextRenderActor SpatiallyLoaded:1 Bounds:IsValid=true, Min=(X=2645.872 Y=3810.000 Z=70.000), Max=(X=2740.000 Y=4885.890 Z=460.000) RuntimeGrid:None EditorOnly:0 RuntimeOnly:0 HLODRelevant:0
 |   |   |- [+] [  7]
 |   |   |   |- Guid:1EBB3D4E442E8AF3EC064C8010D27E6F BaseClass: NativeClass:/Script/Engine.StaticMeshActor Name:StaticMeshActor_UAID_A4AE111137DC5CFB00_1660657071 Label:SM_SkySphere SpatiallyLoaded:0 Bounds:IsValid=true, Min=(X=-1638400.000 Y=-1638400.000 Z=-1638400.000), Max=(X=1638400.000 Y=1638400.000 Z=1638400.000) RuntimeGrid:None EditorOnly:0 RuntimeOnly:0 HLODRelevant:1 FolderPath:Lighting FolderGuid:4C9334684BA61B42C769F799D2576455
 |   |   |- [+] [  8]
 |   |   |   |- Guid:E07C2A2B435EC4DB995FF5B08B860341 BaseClass:/Game/GameLogic/MapObjects/Obstacles/Obstacle_Pipe180.Obstacle_Pipe180_C NativeClass:/Script/Engine.Actor Name:Obstacle_Pipe180_C_UAID_F875A42441418C7801_1516564530 Label:Obstacle_Pipe180 SpatiallyLoaded:1 Bounds:IsValid=true, Min=(X=711.210 Y=5716.250 Z=70.000), Max=(X=1905.040 Y=6609.024 Z=657.500) RuntimeGrid:None EditorOnly:0 RuntimeOnly:0 HLODRelevant:0
 |   |   |- [+] [  9]
 |   |   |   |- Guid:2B0A1F334ED4C651A28F89ABF3E4066F BaseClass: NativeClass:/Script/Engine.PostProcessVolume Name:PostProcessVolume_1 Label:PostProcessVolume SpatiallyLoaded:0 Bounds:IsValid=true, Min=(X=0.000 Y=0.000 Z=400.000), Max=(X=200.000 Y=200.000 Z=600.000) RuntimeGrid:None EditorOnly:0 RuntimeOnly:0 HLODRelevant:0 FolderPath:Lighting FolderGuid:4C9334684BA61B42C769F799D2576455
 |   |   |- [+] [ 10]
 |   |   |   |- Guid:8DCD181A4AFB30A3AA6FB89DA76CE0B9 BaseClass: NativeClass:/Script/Engine.StaticMeshActor Name:StaticMeshActor_UAID_F875A42441418A7601_1757543056 Label:Wall_Door_400x400 SpatiallyLoaded:1 Bounds:IsValid=true, Min=(X=1550.000 Y=9680.000 Z=70.000), Max=(X=1950.000 Y=9760.000 Z=470.000) RuntimeGrid:None EditorOnly:0 RuntimeOnly:0 HLODRelevant:1
 |   |   |- [+] [ 11]
 |   |   |   |- Guid:A8EA16194F2661B41C7A149BA6C8C04F BaseClass: NativeClass:/Script/Engine.StaticMeshActor Name:StaticMeshActor_18 Label:SM_Cube2 SpatiallyLoaded:1 Bounds:IsValid=true, Min=(X=670.000 Y=2770.000 Z=0.000), Max=(X=770.000 Y=9770.000 Z=475.000) RuntimeGrid:None EditorOnly:0 RuntimeOnly:0 HLODRelevant:1 FolderPath:Playground FolderGuid:9FE5E8B349AF71F05F2688921F3F2AC5
 |   |   |- [+] [ 12]
 |   |   |   |- Guid:EB4065D04A4CFC265656FD89C862A69C BaseClass: NativeClass:/Script/Engine.VolumetricCloud Name:VolumetricCloud_0 Label:VolumetricCloud SpatiallyLoaded:0 Bounds:IsValid=true, Min=(X=0.000 Y=0.000 Z=820.000), Max=(X=0.000 Y=0.000 Z=820.000) RuntimeGrid:None EditorOnly:0 RuntimeOnly:0 HLODRelevant:0 FolderPath:Lighting FolderGuid:4C9334684BA61B42C769F799D2576455
 |   |   |- [+] [ 13]
 |   |   |   |- Guid:6A531D5944EC18748A1ED89097E41F06 BaseClass:/Game/GameLogic/MapObjects/Obstacles/Obstacle_Trim_90_In.Obstacle_Trim_90_In_C NativeClass:/Script/Engine.Actor Name:Obstacle_Trim_90_In_C_UAID_F875A42441418C7801_1556665533 Label:Obstacle_Trim_90_In SpatiallyLoaded:1 Bounds:IsValid=true, Min=(X=1940.901 Y=8511.802 Z=70.000), Max=(X=2259.100 Y=8830.000 Z=160.000) RuntimeGrid:None EditorOnly:0 RuntimeOnly:0 HLODRelevant:0
 |   |   |- [+] [ 14]
 |   |   |   |- Guid:7FCE08284FA12AAA0C20439BDA2BA3C3 BaseClass:/Game/GameLogic/MapObjects/Obstacles/Obstacle_Cylinder.Obstacle_Cylinder_C NativeClass:/Script/Engine.Actor Name:Obstacle_Cylinder_C_UAID_F875A42441418C7801_1499330529 Label:Obstacle_Cylinder2 SpatiallyLoaded:1 Bounds:IsValid=true, Min=(X=867.353 Y=8855.481 Z=22.500), Max=(X=1661.239 Y=9225.103 Z=197.500) RuntimeGrid:None EditorOnly:0 RuntimeOnly:0 HLODRelevant:0
 |   |   |- [+] [ 15]
 |   |   |   |- Guid:07892FA346078C26ABFD839F67BCF2FA BaseClass:/Game/GameLogic/MapObjects/Obstacles/Obstacle_Statue.Obstacle_Statue_C NativeClass:/Script/Engine.Actor Name:Obstacle_Statue_C_UAID_F875A42441418C7801_1541537531 Label:Obstacle_Statue SpatiallyLoaded:1 Bounds:IsValid=true, Min=(X=1599.187 Y=6599.187 Z=70.000), Max=(X=1840.813 Y=6840.813 Z=611.456) RuntimeGrid:None EditorOnly:0 RuntimeOnly:0 HLODRelevant:0
 |   |   |- [+] [ 16]
 |   |   |   |- Guid:F06FCDE34068B6C929B651B5446131F6 BaseClass: NativeClass:/Script/Engine.StaticMeshActor Name:StaticMeshActor_UAID_F875A42441418A7601_1835420057 Label:SM_Cube11 SpatiallyLoaded:1 Bounds:IsValid=true, Min=(X=1940.000 Y=9670.000 Z=0.000), Max=(X=2865.000 Y=9770.000 Z=475.000) RuntimeGrid:None EditorOnly:0 RuntimeOnly:0 HLODRelevant:1 FolderPath:Playground FolderGuid:9FE5E8B349AF71F05F2688921F3F2AC5
 |   |   |- [+] [ 17]
 |   |   |   |- Guid:53C11D0D492542E8BF207F92C45AC72D BaseClass: NativeClass:/Script/Engine.StaticMeshActor Name:StaticMeshActor_UAID_F875A42441418A7601_1890573059 Label:Wall_Door_400x401 SpatiallyLoaded:1 Bounds:IsValid=true, Min=(X=1530.000 Y=2780.000 Z=70.000), Max=(X=1930.000 Y=2860.000 Z=470.000) RuntimeGrid:None EditorOnly:0 RuntimeOnly:0 HLODRelevant:1
 |   |   |- [+] [ 18]
 |   |   |   |- Guid:A3784AB34DCFC5D5924222BB632B47F1 BaseClass: NativeClass:/Script/Engine.DirectionalLight Name:DirectionalLight_1 Label:DirectionalLight SpatiallyLoaded:0 Bounds:IsValid=true, Min=(X=-4398046511104.000 Y=-4398046511104.000 Z=-4398046511104.000), Max=(X=4398046511104.000 Y=4398046511104.000 Z=4398046511104.000) RuntimeGrid:None EditorOnly:0 RuntimeOnly:0 HLODRelevant:0 FolderPath:Lighting FolderGuid:4C9334684BA61B42C769F799D2576455
 |   |   |- [+] [ 19]
 |   |   |   |- Guid:C13EE103464E1BEAF5CD36A1A57183FB BaseClass:/Game/GameLogic/NPCs/Enemy/Types/Fighter/BP_Enemy_Fighter.BP_Enemy_Fighter_C NativeClass:/Script/Engine.Character Name:BP_Enemy_Fighter_C_UAID_F875A4244141BA7801_2054144622 Label:BP_Enemy_Fighter2 SpatiallyLoaded:1 Bounds:IsValid=true, Min=(X=926.000 Y=6932.500 Z=70.000), Max=(X=994.000 Y=7027.500 Z=281.588) RuntimeGrid:None EditorOnly:0 RuntimeOnly:0 HLODRelevant:0
 |   |   |- [+] [ 20]
 |   |   |   |- Guid:A2DBBDC14A7A72E86A90CC91AA5C14AB BaseClass: NativeClass:/Script/NavigationSystem.NavMeshBoundsVolume Name:NavMeshBoundsVolume_1 Label:NavMeshBoundsVolume SpatiallyLoaded:0 Bounds:IsValid=true, Min=(X=788.836 Y=2847.890 Z=-461.250), Max=(X=2712.836 Y=9692.890 Z=741.250) RuntimeGrid:None EditorOnly:0 RuntimeOnly:0 HLODRelevant:0 FolderPath:Navigation FolderGuid:AE45D61F453CC144CF8289862C276E89
 |   |   |- [+] [ 21]
 |   |   |   |- Guid:C9C710FD4203231F5EFAC68BE87613E5 BaseClass:/Game/GameLogic/MapObjects/Obstacles/Obstacle_Cube.Obstacle_Cube_C NativeClass:/Script/Engine.Actor Name:Obstacle_Cube_C_UAID_F875A42441418C7801_1477737527 Label:Obstacle_Cube2 SpatiallyLoaded:1 Bounds:IsValid=true, Min=(X=2075.387 Y=5155.907 Z=-75.892), Max=(X=2541.775 Y=5569.486 Z=349.818) RuntimeGrid:None EditorOnly:0 RuntimeOnly:0 HLODRelevant:0
 |   |   |- [+] [ 22]
 |   |   |   |- Guid:FF9C1C414E06B3904249BF92541F0A43 BaseClass: NativeClass:/Script/Engine.StaticMeshActor Name:StaticMeshActor_22 Label:SM_Cube5 SpatiallyLoaded:1 Bounds:IsValid=true, Min=(X=660.000 Y=9670.000 Z=0.000), Max=(X=1560.000 Y=9770.000 Z=475.000) RuntimeGrid:None EditorOnly:0 RuntimeOnly:0 HLODRelevant:1 FolderPath:Playground FolderGuid:9FE5E8B349AF71F05F2688921F3F2AC5
 |   |   |- [+] [ 23]
 |   |   |   |- Guid:DC8EABAB4D71AC588B901EAF804999CF BaseClass: NativeClass:/Script/Engine.SkyLight Name:SkyLight_1 Label:SkyLight SpatiallyLoaded:0 Bounds:IsValid=true, Min=(X=0.000 Y=0.000 Z=690.000), Max=(X=0.000 Y=0.000 Z=690.000) RuntimeGrid:None EditorOnly:0 RuntimeOnly:0 HLODRelevant:0 FolderPath:Lighting FolderGuid:4C9334684BA61B42C769F799D2576455
 |   |   |- [+] [ 24]
 |   |   |   |- Guid:F968668C4E034596AB5A3AB0A11DE938 BaseClass: NativeClass:/Script/Engine.SkyAtmosphere Name:SkyAtmosphere_1 Label:SkyAtmosphere SpatiallyLoaded:0 Bounds:IsValid=true, Min=(X=0.000 Y=0.000 Z=1020.000), Max=(X=0.000 Y=0.000 Z=1020.000) RuntimeGrid:None EditorOnly:0 RuntimeOnly:0 HLODRelevant:0 FolderPath:Lighting FolderGuid:4C9334684BA61B42C769F799D2576455
 |   |   |- [+] [ 25]
 |   |   |   |- Guid:290EA2D741B00F5744A48C94D20E9359 BaseClass:/Game/GameLogic/MapObjects/Obstacles/Obstacle_Cylinder.Obstacle_Cylinder_C NativeClass:/Script/Engine.Actor Name:Obstacle_Cylinder_C_UAID_F875A42441418C7801_1489446528 Label:Obstacle_Cylinder SpatiallyLoaded:1 Bounds:IsValid=true, Min=(X=1062.500 Y=7672.500 Z=70.000), Max=(X=1237.500 Y=7847.500 Z=845.000) RuntimeGrid:None EditorOnly:0 RuntimeOnly:0 HLODRelevant:0
 |   |   |- [+] [ 26]
 |   |   |   |- Guid:DC4D2EC04B6511F95D5C7AA9B0019BC2 BaseClass:/Game/GameLogic/MapObjects/Obstacles/Obstacle_Cube.Obstacle_Cube_C NativeClass:/Script/Engine.Actor Name:Obstacle_Cube_C_UAID_F875A42441418C7801_1454004526 Label:Obstacle_Cube SpatiallyLoaded:1 Bounds:IsValid=true, Min=(X=1964.050 Y=7737.292 Z=-65.892), Max=(X=2395.951 Y=8238.592 Z=359.818) RuntimeGrid:None EditorOnly:0 RuntimeOnly:0 HLODRelevant:0
 |   |   |- [+] [ 27]
 |   |   |   |- Guid:0B7594594647C04CC6CD939C30DD5C61 BaseClass: NativeClass:/Script/Engine.WorldDataLayers Name:WorldDataLayers Label:WorldDataLayers SpatiallyLoaded:0 Bounds:IsValid=true, Min=(X=0.000 Y=0.000 Z=0.000), Max=(X=0.000 Y=0.000 Z=0.000) RuntimeGrid:None EditorOnly:0 RuntimeOnly:0 HLODRelevant:0
 |   |   |- [+] [ 28]
 |   |   |   |- Guid:7A5875224E68AACB25AEF68EBEAF766A BaseClass:/Game/GameLogic/MapObjects/EndPoint.EndPoint_C NativeClass:/Script/Engine.Actor Name:EndPoint_C_UAID_F875A4244141C17901_2064696912 Label:EndPoint SpatiallyLoaded:1 Bounds:IsValid=true, Min=(X=1636.000 Y=9698.000 Z=58.000), Max=(X=1844.000 Y=9762.000 Z=202.000) RuntimeGrid:None EditorOnly:0 RuntimeOnly:0 HLODRelevant:0
 |   |   |- [+] [ 29]
 |   |   |   |- Guid:B1C4FD644C9949F97374579B375DFF49 BaseClass:/Game/GameLogic/MapObjects/StartPoint.StartPoint_C NativeClass:/Script/Engine.Actor Name:StartPoint_C_UAID_F875A42441417F7901_2105284315 Label:StartPoint SpatiallyLoaded:1 Bounds:IsValid=true, Min=(X=1674.000 Y=2772.000 Z=96.000), Max=(X=1786.000 Y=2948.000 Z=224.000) RuntimeGrid:None EditorOnly:0 RuntimeOnly:0 HLODRelevant:0
 |   |   |- [+] [ 30]
 |   |   |   |- Guid:A01A80344ED20F2BA8D0BD96AA62D2AC BaseClass: NativeClass:/Script/Engine.ExponentialHeightFog Name:ExponentialHeightFog_1 Label:ExponentialHeightFog SpatiallyLoaded:0 Bounds:IsValid=true, Min=(X=-5600.000 Y=-50.000 Z=-6850.000), Max=(X=-5600.000 Y=-50.000 Z=-6850.000) RuntimeGrid:None EditorOnly:0 RuntimeOnly:0 HLODRelevant:0 FolderPath:Lighting FolderGuid:4C9334684BA61B42C769F799D2576455
 |- ContainerInstances:
 |- [+] MainContainer:
 |   |-        ID: 0x0000000000000000
 |   |-    Bounds: IsValid=false, Min=(X=0.000 Y=0.000 Z=0.000), Max=(X=0.000 Y=0.000 Z=0.000)
 |   |- Transform: 0.000000,0.000000,0.000000|0.000000,0.000000,-0.000000|1.000000,1.000000,1.000000
 |   |- Container: /Game/GameLogic/Levels/Level1/Level1_7
----------------------------------------------------------------------------------------------------------------
Level1_7 - Persistent Level
----------------------------------------------------------------------------------------------------------------
Always loaded Actor Count: 39 

----------------------------------------------------------------------------------------------------------------
Level1_7 - Runtime Spatial Hash - Streaming Grid - MainGrid
----------------------------------------------------------------------------------------------------------------
            Origin: X=0.000 Y=0.000 Z=0.000
         Cell Size: 12800
      World Bounds: IsValid=false, Min=(X=0.000 Y=0.000 Z=0.000), Max=(X=0.000 Y=0.000 Z=0.000)
     Loading Range: 25600.00
Block Slow Loading: No
 ClientOnlyVisible: No

[+] Grid Levels: 1
 |- Level  0: Cell Count    0 | Cell Size   12800 | Actor Count    0 (0.0%)

[+] Content of Grid Level 0

