[+] Containers:
 |- [+] Container: /Game/GameLogic/Levels/Level1/Level1_1
 |   |- [+] ActorDescs:
 |   |   |- Guid:01A116354594913E963211AA7ADA3677 BaseClass: NativeClass:/Script/Engine.StaticMeshActor Name:StaticMeshActor_UAID_F875A42441418A7601_1890573059 Label:Wall_Door_400x401 SpatiallyLoaded:1 Bounds:IsValid=true, Min=(X=1530.000 Y=2780.000 Z=70.000), Max=(X=1930.000 Y=2860.000 Z=470.000) RuntimeGrid:None EditorOnly:0 RuntimeOnly:0 HLODRelevant:1
 |   |   |- Guid:026113B24750AF0D6E4D71A3BEC61A7B BaseClass:/Game/GameLogic/MapObjects/Obstacles/Obstacle_Trim_90_In.Obstacle_Trim_90_In_C NativeClass:/Script/Engine.Actor Name:Obstacle_Trim_90_In_C_UAID_F875A42441418C7801_1556665533 Label:Obstacle_Trim_90_In SpatiallyLoaded:1 Bounds:IsValid=true, Min=(X=1940.901 Y=8511.802 Z=70.000), Max=(X=2259.100 Y=8830.000 Z=160.000) RuntimeGrid:None EditorOnly:0 RuntimeOnly:0 HLODRelevant:0
 |   |   |- Guid:0B3EAC0541F1CE23468AF5AE3ED9C6D2 BaseClass: NativeClass:/Script/Engine.PlayerStart Name:PlayerStart_UAID_F875A42441417F7901_2135930316 Label:PlayerStart SpatiallyLoaded:0 Bounds:IsValid=true, Min=(X=1690.000 Y=3170.000 Z=98.000), Max=(X=1770.000 Y=3250.000 Z=282.000) RuntimeGrid:None EditorOnly:0 RuntimeOnly:0 HLODRelevant:0
 |   |   |- Guid:153F8AE04DA885ECD9EF4B9FF8415B8A BaseClass: NativeClass:/Script/Engine.BlockingVolume Name:BlockingVolume_UAID_F875A4244141B87901_2050358320 Label:BlockingVolume SpatiallyLoaded:1 Bounds:IsValid=true, Min=(X=-840.000 Y=4310.000 Z=260.000), Max=(X=-640.000 Y=4510.000 Z=460.000) RuntimeGrid:None EditorOnly:0 RuntimeOnly:0 HLODRelevant:0
 |   |   |- Guid:19EC2CF3487BCC6303AA1EAE6ABBCE39 BaseClass:/Game/GameLogic/MapObjects/Obstacles/Obstacle_Cylinder.Obstacle_Cylinder_C NativeClass:/Script/Engine.Actor Name:Obstacle_Cylinder_C_UAID_F875A42441418C7801_1489446528 Label:Obstacle_Cylinder SpatiallyLoaded:1 Bounds:IsValid=true, Min=(X=1062.500 Y=7672.500 Z=70.000), Max=(X=1237.500 Y=7847.500 Z=845.000) RuntimeGrid:None EditorOnly:0 RuntimeOnly:0 HLODRelevant:0
 |   |   |- Guid:1A1D835D45C8EEF7B508848F0846BECA BaseClass:/Game/GameLogic/MapObjects/Obstacles/Obstacle_Pipe180.Obstacle_Pipe180_C NativeClass:/Script/Engine.Actor Name:Obstacle_Pipe180_C_UAID_F875A42441418C7801_1516564530 Label:Obstacle_Pipe180 SpatiallyLoaded:1 Bounds:IsValid=true, Min=(X=711.210 Y=5716.250 Z=70.000), Max=(X=1905.040 Y=6609.024 Z=657.500) RuntimeGrid:None EditorOnly:0 RuntimeOnly:0 HLODRelevant:0
 |   |   |- Guid:217A90F6410EA8B4F9CEA9A7AB34BC88 BaseClass: NativeClass:/Script/Engine.TextRenderActor Name:TextRenderActor_UAID_F875A4244141B87901_2095652321 Label:TextRenderActor SpatiallyLoaded:1 Bounds:IsValid=true, Min=(X=2645.872 Y=3810.000 Z=70.000), Max=(X=2740.000 Y=4885.890 Z=460.000) RuntimeGrid:None EditorOnly:0 RuntimeOnly:0 HLODRelevant:0
 |   |   |- Guid:24858162477657D83F724EB2C2EA0883 BaseClass: NativeClass:/Script/Engine.SkyAtmosphere Name:SkyAtmosphere_1 Label:SkyAtmosphere SpatiallyLoaded:0 Bounds:IsValid=true, Min=(X=0.000 Y=0.000 Z=1020.000), Max=(X=0.000 Y=0.000 Z=1020.000) RuntimeGrid:None EditorOnly:0 RuntimeOnly:0 HLODRelevant:0 FolderPath:Lighting FolderGuid:4C9334684BA61B42C769F799D2576455
 |   |   |- Guid:2D7EDBAE4E9B4E2B5533E49A2610BBFD BaseClass:/Game/GameLogic/MapObjects/Obstacles/Obstacle_Cylinder.Obstacle_Cylinder_C NativeClass:/Script/Engine.Actor Name:Obstacle_Cylinder_C_UAID_F875A42441418C7801_1499330529 Label:Obstacle_Cylinder2 SpatiallyLoaded:1 Bounds:IsValid=true, Min=(X=867.353 Y=8855.481 Z=22.500), Max=(X=1661.239 Y=9225.103 Z=197.500) RuntimeGrid:None EditorOnly:0 RuntimeOnly:0 HLODRelevant:0
 |   |   |- Guid:3A38DBB542DCCC0AE202B784FF70C506 BaseClass:/Game/GameLogic/MapObjects/Obstacles/Obstacle_Trim_90_Out.Obstacle_Trim_90_Out_C NativeClass:/Script/Engine.Actor Name:Obstacle_Trim_90_Out_C_UAID_F875A42441418C7801_1550515532 Label:Obstacle_Trim_90_Out SpatiallyLoaded:1 Bounds:IsValid=true, Min=(X=1750.000 Y=7250.000 Z=70.000), Max=(X=2000.001 Y=7500.000 Z=170.000) RuntimeGrid:None EditorOnly:0 RuntimeOnly:0 HLODRelevant:0
 |   |   |- Guid:5273D0A849057205486F89BE4ED6BC8F BaseClass:/Game/GameLogic/MapObjects/Obstacles/Obstacle_Statue.Obstacle_Statue_C NativeClass:/Script/Engine.Actor Name:Obstacle_Statue_C_UAID_F875A42441418C7801_1541537531 Label:Obstacle_Statue SpatiallyLoaded:1 Bounds:IsValid=true, Min=(X=1599.187 Y=6599.187 Z=70.000), Max=(X=1840.813 Y=6840.813 Z=611.456) RuntimeGrid:None EditorOnly:0 RuntimeOnly:0 HLODRelevant:0
 |   |   |- Guid:6230D46A4EFA88567B3D83B1E4B8DC69 BaseClass: NativeClass:/Script/NavigationSystem.NavMeshBoundsVolume Name:NavMeshBoundsVolume_1 Label:NavMeshBoundsVolume SpatiallyLoaded:0 Bounds:IsValid=true, Min=(X=788.836 Y=2847.890 Z=-461.250), Max=(X=2712.836 Y=9692.890 Z=741.250) RuntimeGrid:None EditorOnly:0 RuntimeOnly:0 HLODRelevant:0 FolderPath:Navigation FolderGuid:AE45D61F453CC144CF8289862C276E89
 |   |   |- Guid:64BAAE684533E8D0E65AB8A11EF13147 BaseClass: NativeClass:/Script/Engine.StaticMeshActor Name:StaticMeshActor_UAID_F875A42441418A7601_1890574060 Label:SM_Cube12 SpatiallyLoaded:1 Bounds:IsValid=true, Min=(X=1930.000 Y=2770.000 Z=0.000), Max=(X=2855.000 Y=2870.000 Z=475.000) RuntimeGrid:None EditorOnly:0 RuntimeOnly:0 HLODRelevant:1 FolderPath:Playground FolderGuid:9FE5E8B349AF71F05F2688921F3F2AC5
 |   |   |- Guid:77D5EA904AD982DF4579C9A599946B12 BaseClass:/Game/GameLogic/MapObjects/Obstacles/Obstacle_Cube.Obstacle_Cube_C NativeClass:/Script/Engine.Actor Name:Obstacle_Cube_C_UAID_F875A42441418C7801_1454004526 Label:Obstacle_Cube SpatiallyLoaded:1 Bounds:IsValid=true, Min=(X=1964.050 Y=7737.292 Z=-65.892), Max=(X=2395.951 Y=8238.592 Z=359.818) RuntimeGrid:None EditorOnly:0 RuntimeOnly:0 HLODRelevant:0
 |   |   |- Guid:7F6704AE41AE652D89EEB8B6CC609B77 BaseClass:/Game/GameLogic/MapObjects/StartPoint.StartPoint_C NativeClass:/Script/Engine.Actor Name:StartPoint_C_UAID_F875A42441417F7901_2105284315 Label:StartPoint SpatiallyLoaded:1 Bounds:IsValid=true, Min=(X=1674.000 Y=2772.000 Z=96.000), Max=(X=1786.000 Y=2948.000 Z=224.000) RuntimeGrid:None EditorOnly:0 RuntimeOnly:0 HLODRelevant:0
 |   |   |- Guid:80E9F2C2423B477F5941D6B8662E1832 BaseClass: NativeClass:/Script/Engine.StaticMeshActor Name:StaticMeshActor_UAID_F875A42441418A7601_1835420057 Label:SM_Cube11 SpatiallyLoaded:1 Bounds:IsValid=true, Min=(X=1940.000 Y=9670.000 Z=0.000), Max=(X=2865.000 Y=9770.000 Z=475.000) RuntimeGrid:None EditorOnly:0 RuntimeOnly:0 HLODRelevant:1 FolderPath:Playground FolderGuid:9FE5E8B349AF71F05F2688921F3F2AC5
 |   |   |- Guid:8C84CD104D249DC468D64DBBDE7BAAEC BaseClass: NativeClass:/Script/Engine.StaticMeshActor Name:StaticMeshActor_19 Label:SM_Cube3 SpatiallyLoaded:1 Bounds:IsValid=true, Min=(X=2740.000 Y=2770.000 Z=0.000), Max=(X=2840.000 Y=9770.000 Z=475.000) RuntimeGrid:None EditorOnly:0 RuntimeOnly:0 HLODRelevant:1 FolderPath:Playground FolderGuid:9FE5E8B349AF71F05F2688921F3F2AC5
 |   |   |- Guid:8DDEAA9543C8C9CDE4749EB30FF861DA BaseClass: NativeClass:/Script/Engine.StaticMeshActor Name:StaticMeshActor_22 Label:SM_Cube5 SpatiallyLoaded:1 Bounds:IsValid=true, Min=(X=660.000 Y=9670.000 Z=0.000), Max=(X=1560.000 Y=9770.000 Z=475.000) RuntimeGrid:None EditorOnly:0 RuntimeOnly:0 HLODRelevant:1 FolderPath:Playground FolderGuid:9FE5E8B349AF71F05F2688921F3F2AC5
 |   |   |- Guid:93A47BAC4CBEE58A98A61CB3248D8221 BaseClass: NativeClass:/Script/Engine.VolumetricCloud Name:VolumetricCloud_0 Label:VolumetricCloud SpatiallyLoaded:0 Bounds:IsValid=true, Min=(X=0.000 Y=0.000 Z=820.000), Max=(X=0.000 Y=0.000 Z=820.000) RuntimeGrid:None EditorOnly:0 RuntimeOnly:0 HLODRelevant:0 FolderPath:Lighting FolderGuid:4C9334684BA61B42C769F799D2576455
 |   |   |- Guid:9DCA2E4645A5F0BE15C916AE4F90AE6C BaseClass: NativeClass:/Script/Engine.StaticMeshActor Name:StaticMeshActor_UAID_F875A42441418A7601_1890571058 Label:SM_Cube6 SpatiallyLoaded:1 Bounds:IsValid=true, Min=(X=660.000 Y=2770.000 Z=0.000), Max=(X=1535.000 Y=2870.000 Z=475.000) RuntimeGrid:None EditorOnly:0 RuntimeOnly:0 HLODRelevant:1 FolderPath:Playground FolderGuid:9FE5E8B349AF71F05F2688921F3F2AC5
 |   |   |- Guid:A0F5ABFF444336F528B8249661A367C3 BaseClass: NativeClass:/Script/Engine.StaticMeshActor Name:StaticMeshActor_18 Label:SM_Cube2 SpatiallyLoaded:1 Bounds:IsValid=true, Min=(X=670.000 Y=2770.000 Z=0.000), Max=(X=770.000 Y=9770.000 Z=475.000) RuntimeGrid:None EditorOnly:0 RuntimeOnly:0 HLODRelevant:1 FolderPath:Playground FolderGuid:9FE5E8B349AF71F05F2688921F3F2AC5
 |   |   |- Guid:BBFE61EF48D0D6431ED4A08ABE098AB3 BaseClass: NativeClass:/Script/Engine.StaticMeshActor Name:StaticMeshActor_UAID_A4AE111137DC5CFB00_1660657071 Label:SM_SkySphere SpatiallyLoaded:0 Bounds:IsValid=true, Min=(X=-1638400.000 Y=-1638400.000 Z=-1638400.000), Max=(X=1638400.000 Y=1638400.000 Z=1638400.000) RuntimeGrid:None EditorOnly:0 RuntimeOnly:0 HLODRelevant:1 FolderPath:Lighting FolderGuid:4C9334684BA61B42C769F799D2576455
 |   |   |- Guid:BFC3691049267BE2297ED2A39060FFF2 BaseClass:/Game/GameLogic/MapObjects/Obstacles/Obstacle_Cube.Obstacle_Cube_C NativeClass:/Script/Engine.Actor Name:Obstacle_Cube_C_UAID_F875A42441418C7801_1477737527 Label:Obstacle_Cube2 SpatiallyLoaded:1 Bounds:IsValid=true, Min=(X=2075.387 Y=5155.907 Z=-75.892), Max=(X=2541.775 Y=5569.486 Z=349.818) RuntimeGrid:None EditorOnly:0 RuntimeOnly:0 HLODRelevant:0
 |   |   |- Guid:C6782A784C41C7B3C2721BB088A580F0 BaseClass:/Game/GameLogic/NPCs/Enemy/Types/Fighter/BP_Enemy_Fighter.BP_Enemy_Fighter_C NativeClass:/Script/Engine.Character Name:BP_Enemy_Fighter_C_UAID_F875A4244141BA7801_2054144622 Label:BP_Enemy_Fighter2 SpatiallyLoaded:1 Bounds:IsValid=true, Min=(X=926.000 Y=6932.500 Z=65.651), Max=(X=994.000 Y=7027.500 Z=281.588) RuntimeGrid:None EditorOnly:0 RuntimeOnly:0 HLODRelevant:0
 |   |   |- Guid:CE1644D648767101335B95ACEF3A16AD BaseClass: NativeClass:/Script/Engine.SkyLight Name:SkyLight_1 Label:SkyLight SpatiallyLoaded:0 Bounds:IsValid=true, Min=(X=0.000 Y=0.000 Z=690.000), Max=(X=0.000 Y=0.000 Z=690.000) RuntimeGrid:None EditorOnly:0 RuntimeOnly:0 HLODRelevant:0 FolderPath:Lighting FolderGuid:4C9334684BA61B42C769F799D2576455
 |   |   |- Guid:D6E2CE954F75388E09B3FB82F13CB13A BaseClass: NativeClass:/Script/Engine.StaticMeshActor Name:StaticMeshActor_UAID_F875A42441418A7601_1757543056 Label:Wall_Door_400x400 SpatiallyLoaded:1 Bounds:IsValid=true, Min=(X=1550.000 Y=9680.000 Z=70.000), Max=(X=1950.000 Y=9760.000 Z=470.000) RuntimeGrid:None EditorOnly:0 RuntimeOnly:0 HLODRelevant:1
 |   |   |- Guid:DA5F15874A69CE233748DB9FD3C361C6 BaseClass: NativeClass:/Script/Engine.StaticMeshActor Name:StaticMeshActor_17 Label:SM_Cube SpatiallyLoaded:1 Bounds:IsValid=true, Min=(X=-1210.000 Y=-1530.000 Z=-50.000), Max=(X=5015.000 Y=14145.000 Z=66.667) RuntimeGrid:None EditorOnly:0 RuntimeOnly:0 HLODRelevant:1 FolderPath:Playground FolderGuid:9FE5E8B349AF71F05F2688921F3F2AC5
 |   |   |- Guid:E56117444C0C3D53E07AF2AB34607421 BaseClass: NativeClass:/Script/Engine.WorldDataLayers Name:WorldDataLayers Label:WorldDataLayers SpatiallyLoaded:0 Bounds:IsValid=true, Min=(X=0.000 Y=0.000 Z=0.000), Max=(X=0.000 Y=0.000 Z=0.000) RuntimeGrid:None EditorOnly:0 RuntimeOnly:0 HLODRelevant:0
 |   |   |- Guid:EE231C1A4BCDB12FB0FF7AA920C5E701 BaseClass: NativeClass:/Script/Engine.ExponentialHeightFog Name:ExponentialHeightFog_1 Label:ExponentialHeightFog SpatiallyLoaded:0 Bounds:IsValid=true, Min=(X=-5600.000 Y=-50.000 Z=-6850.000), Max=(X=-5600.000 Y=-50.000 Z=-6850.000) RuntimeGrid:None EditorOnly:0 RuntimeOnly:0 HLODRelevant:0 FolderPath:Lighting FolderGuid:4C9334684BA61B42C769F799D2576455
 |   |   |- Guid:EE572C2C42D67F63597F9D8585478902 BaseClass: NativeClass:/Script/Engine.DirectionalLight Name:DirectionalLight_1 Label:DirectionalLight SpatiallyLoaded:0 Bounds:IsValid=true, Min=(X=-4398046511104.000 Y=-4398046511104.000 Z=-4398046511104.000), Max=(X=4398046511104.000 Y=4398046511104.000 Z=4398046511104.000) RuntimeGrid:None EditorOnly:0 RuntimeOnly:0 HLODRelevant:0 FolderPath:Lighting FolderGuid:4C9334684BA61B42C769F799D2576455
 |   |   |- Guid:F38185ED4AE6E681D26780AF702B8B65 BaseClass:/Game/GameLogic/MapObjects/EndPoint.EndPoint_C NativeClass:/Script/Engine.Actor Name:EndPoint_C_UAID_F875A4244141807901_1659641493 Label:EndPoint SpatiallyLoaded:1 Bounds:IsValid=true, Min=(X=1636.000 Y=9698.000 Z=58.000), Max=(X=1844.000 Y=9762.000 Z=202.000) RuntimeGrid:None EditorOnly:0 RuntimeOnly:0 HLODRelevant:0
 |   |   |- Guid:FA389F474324ECFF3E88B88806E8D4C5 BaseClass: NativeClass:/Script/Engine.PostProcessVolume Name:PostProcessVolume_1 Label:PostProcessVolume SpatiallyLoaded:0 Bounds:IsValid=true, Min=(X=0.000 Y=0.000 Z=400.000), Max=(X=200.000 Y=200.000 Z=600.000) RuntimeGrid:None EditorOnly:0 RuntimeOnly:0 HLODRelevant:0 FolderPath:Lighting FolderGuid:4C9334684BA61B42C769F799D2576455
 |   |- [+] Clusters:
 |   |   |- [+] [  0]
 |   |   |   |- Guid:93A47BAC4CBEE58A98A61CB3248D8221 BaseClass: NativeClass:/Script/Engine.VolumetricCloud Name:VolumetricCloud_0 Label:VolumetricCloud SpatiallyLoaded:0 Bounds:IsValid=true, Min=(X=0.000 Y=0.000 Z=820.000), Max=(X=0.000 Y=0.000 Z=820.000) RuntimeGrid:None EditorOnly:0 RuntimeOnly:0 HLODRelevant:0 FolderPath:Lighting FolderGuid:4C9334684BA61B42C769F799D2576455
 |   |   |- [+] [  1]
 |   |   |   |- Guid:EE572C2C42D67F63597F9D8585478902 BaseClass: NativeClass:/Script/Engine.DirectionalLight Name:DirectionalLight_1 Label:DirectionalLight SpatiallyLoaded:0 Bounds:IsValid=true, Min=(X=-4398046511104.000 Y=-4398046511104.000 Z=-4398046511104.000), Max=(X=4398046511104.000 Y=4398046511104.000 Z=4398046511104.000) RuntimeGrid:None EditorOnly:0 RuntimeOnly:0 HLODRelevant:0 FolderPath:Lighting FolderGuid:4C9334684BA61B42C769F799D2576455
 |   |   |- [+] [  2]
 |   |   |   |- Guid:0B3EAC0541F1CE23468AF5AE3ED9C6D2 BaseClass: NativeClass:/Script/Engine.PlayerStart Name:PlayerStart_UAID_F875A42441417F7901_2135930316 Label:PlayerStart SpatiallyLoaded:0 Bounds:IsValid=true, Min=(X=1690.000 Y=3170.000 Z=98.000), Max=(X=1770.000 Y=3250.000 Z=282.000) RuntimeGrid:None EditorOnly:0 RuntimeOnly:0 HLODRelevant:0
 |   |   |- [+] [  3]
 |   |   |   |- Guid:64BAAE684533E8D0E65AB8A11EF13147 BaseClass: NativeClass:/Script/Engine.StaticMeshActor Name:StaticMeshActor_UAID_F875A42441418A7601_1890574060 Label:SM_Cube12 SpatiallyLoaded:1 Bounds:IsValid=true, Min=(X=1930.000 Y=2770.000 Z=0.000), Max=(X=2855.000 Y=2870.000 Z=475.000) RuntimeGrid:None EditorOnly:0 RuntimeOnly:0 HLODRelevant:1 FolderPath:Playground FolderGuid:9FE5E8B349AF71F05F2688921F3F2AC5
 |   |   |- [+] [  4]
 |   |   |   |- Guid:CE1644D648767101335B95ACEF3A16AD BaseClass: NativeClass:/Script/Engine.SkyLight Name:SkyLight_1 Label:SkyLight SpatiallyLoaded:0 Bounds:IsValid=true, Min=(X=0.000 Y=0.000 Z=690.000), Max=(X=0.000 Y=0.000 Z=690.000) RuntimeGrid:None EditorOnly:0 RuntimeOnly:0 HLODRelevant:0 FolderPath:Lighting FolderGuid:4C9334684BA61B42C769F799D2576455
 |   |   |- [+] [  5]
 |   |   |   |- Guid:3A38DBB542DCCC0AE202B784FF70C506 BaseClass:/Game/GameLogic/MapObjects/Obstacles/Obstacle_Trim_90_Out.Obstacle_Trim_90_Out_C NativeClass:/Script/Engine.Actor Name:Obstacle_Trim_90_Out_C_UAID_F875A42441418C7801_1550515532 Label:Obstacle_Trim_90_Out SpatiallyLoaded:1 Bounds:IsValid=true, Min=(X=1750.000 Y=7250.000 Z=70.000), Max=(X=2000.001 Y=7500.000 Z=170.000) RuntimeGrid:None EditorOnly:0 RuntimeOnly:0 HLODRelevant:0
 |   |   |- [+] [  6]
 |   |   |   |- Guid:77D5EA904AD982DF4579C9A599946B12 BaseClass:/Game/GameLogic/MapObjects/Obstacles/Obstacle_Cube.Obstacle_Cube_C NativeClass:/Script/Engine.Actor Name:Obstacle_Cube_C_UAID_F875A42441418C7801_1454004526 Label:Obstacle_Cube SpatiallyLoaded:1 Bounds:IsValid=true, Min=(X=1964.050 Y=7737.292 Z=-65.892), Max=(X=2395.951 Y=8238.592 Z=359.818) RuntimeGrid:None EditorOnly:0 RuntimeOnly:0 HLODRelevant:0
 |   |   |- [+] [  7]
 |   |   |   |- Guid:1A1D835D45C8EEF7B508848F0846BECA BaseClass:/Game/GameLogic/MapObjects/Obstacles/Obstacle_Pipe180.Obstacle_Pipe180_C NativeClass:/Script/Engine.Actor Name:Obstacle_Pipe180_C_UAID_F875A42441418C7801_1516564530 Label:Obstacle_Pipe180 SpatiallyLoaded:1 Bounds:IsValid=true, Min=(X=711.210 Y=5716.250 Z=70.000), Max=(X=1905.040 Y=6609.024 Z=657.500) RuntimeGrid:None EditorOnly:0 RuntimeOnly:0 HLODRelevant:0
 |   |   |- [+] [  8]
 |   |   |   |- Guid:153F8AE04DA885ECD9EF4B9FF8415B8A BaseClass: NativeClass:/Script/Engine.BlockingVolume Name:BlockingVolume_UAID_F875A4244141B87901_2050358320 Label:BlockingVolume SpatiallyLoaded:1 Bounds:IsValid=true, Min=(X=-840.000 Y=4310.000 Z=260.000), Max=(X=-640.000 Y=4510.000 Z=460.000) RuntimeGrid:None EditorOnly:0 RuntimeOnly:0 HLODRelevant:0
 |   |   |- [+] [  9]
 |   |   |   |- Guid:A0F5ABFF444336F528B8249661A367C3 BaseClass: NativeClass:/Script/Engine.StaticMeshActor Name:StaticMeshActor_18 Label:SM_Cube2 SpatiallyLoaded:1 Bounds:IsValid=true, Min=(X=670.000 Y=2770.000 Z=0.000), Max=(X=770.000 Y=9770.000 Z=475.000) RuntimeGrid:None EditorOnly:0 RuntimeOnly:0 HLODRelevant:1 FolderPath:Playground FolderGuid:9FE5E8B349AF71F05F2688921F3F2AC5
 |   |   |- [+] [ 10]
 |   |   |   |- Guid:5273D0A849057205486F89BE4ED6BC8F BaseClass:/Game/GameLogic/MapObjects/Obstacles/Obstacle_Statue.Obstacle_Statue_C NativeClass:/Script/Engine.Actor Name:Obstacle_Statue_C_UAID_F875A42441418C7801_1541537531 Label:Obstacle_Statue SpatiallyLoaded:1 Bounds:IsValid=true, Min=(X=1599.187 Y=6599.187 Z=70.000), Max=(X=1840.813 Y=6840.813 Z=611.456) RuntimeGrid:None EditorOnly:0 RuntimeOnly:0 HLODRelevant:0
 |   |   |- [+] [ 11]
 |   |   |   |- Guid:24858162477657D83F724EB2C2EA0883 BaseClass: NativeClass:/Script/Engine.SkyAtmosphere Name:SkyAtmosphere_1 Label:SkyAtmosphere SpatiallyLoaded:0 Bounds:IsValid=true, Min=(X=0.000 Y=0.000 Z=1020.000), Max=(X=0.000 Y=0.000 Z=1020.000) RuntimeGrid:None EditorOnly:0 RuntimeOnly:0 HLODRelevant:0 FolderPath:Lighting FolderGuid:4C9334684BA61B42C769F799D2576455
 |   |   |- [+] [ 12]
 |   |   |   |- Guid:9DCA2E4645A5F0BE15C916AE4F90AE6C BaseClass: NativeClass:/Script/Engine.StaticMeshActor Name:StaticMeshActor_UAID_F875A42441418A7601_1890571058 Label:SM_Cube6 SpatiallyLoaded:1 Bounds:IsValid=true, Min=(X=660.000 Y=2770.000 Z=0.000), Max=(X=1535.000 Y=2870.000 Z=475.000) RuntimeGrid:None EditorOnly:0 RuntimeOnly:0 HLODRelevant:1 FolderPath:Playground FolderGuid:9FE5E8B349AF71F05F2688921F3F2AC5
 |   |   |- [+] [ 13]
 |   |   |   |- Guid:8C84CD104D249DC468D64DBBDE7BAAEC BaseClass: NativeClass:/Script/Engine.StaticMeshActor Name:StaticMeshActor_19 Label:SM_Cube3 SpatiallyLoaded:1 Bounds:IsValid=true, Min=(X=2740.000 Y=2770.000 Z=0.000), Max=(X=2840.000 Y=9770.000 Z=475.000) RuntimeGrid:None EditorOnly:0 RuntimeOnly:0 HLODRelevant:1 FolderPath:Playground FolderGuid:9FE5E8B349AF71F05F2688921F3F2AC5
 |   |   |- [+] [ 14]
 |   |   |   |- Guid:E56117444C0C3D53E07AF2AB34607421 BaseClass: NativeClass:/Script/Engine.WorldDataLayers Name:WorldDataLayers Label:WorldDataLayers SpatiallyLoaded:0 Bounds:IsValid=true, Min=(X=0.000 Y=0.000 Z=0.000), Max=(X=0.000 Y=0.000 Z=0.000) RuntimeGrid:None EditorOnly:0 RuntimeOnly:0 HLODRelevant:0
 |   |   |- [+] [ 15]
 |   |   |   |- Guid:BBFE61EF48D0D6431ED4A08ABE098AB3 BaseClass: NativeClass:/Script/Engine.StaticMeshActor Name:StaticMeshActor_UAID_A4AE111137DC5CFB00_1660657071 Label:SM_SkySphere SpatiallyLoaded:0 Bounds:IsValid=true, Min=(X=-1638400.000 Y=-1638400.000 Z=-1638400.000), Max=(X=1638400.000 Y=1638400.000 Z=1638400.000) RuntimeGrid:None EditorOnly:0 RuntimeOnly:0 HLODRelevant:1 FolderPath:Lighting FolderGuid:4C9334684BA61B42C769F799D2576455
 |   |   |- [+] [ 16]
 |   |   |   |- Guid:C6782A784C41C7B3C2721BB088A580F0 BaseClass:/Game/GameLogic/NPCs/Enemy/Types/Fighter/BP_Enemy_Fighter.BP_Enemy_Fighter_C NativeClass:/Script/Engine.Character Name:BP_Enemy_Fighter_C_UAID_F875A4244141BA7801_2054144622 Label:BP_Enemy_Fighter2 SpatiallyLoaded:1 Bounds:IsValid=true, Min=(X=926.000 Y=6932.500 Z=65.651), Max=(X=994.000 Y=7027.500 Z=281.588) RuntimeGrid:None EditorOnly:0 RuntimeOnly:0 HLODRelevant:0
 |   |   |- [+] [ 17]
 |   |   |   |- Guid:80E9F2C2423B477F5941D6B8662E1832 BaseClass: NativeClass:/Script/Engine.StaticMeshActor Name:StaticMeshActor_UAID_F875A42441418A7601_1835420057 Label:SM_Cube11 SpatiallyLoaded:1 Bounds:IsValid=true, Min=(X=1940.000 Y=9670.000 Z=0.000), Max=(X=2865.000 Y=9770.000 Z=475.000) RuntimeGrid:None EditorOnly:0 RuntimeOnly:0 HLODRelevant:1 FolderPath:Playground FolderGuid:9FE5E8B349AF71F05F2688921F3F2AC5
 |   |   |- [+] [ 18]
 |   |   |   |- Guid:01A116354594913E963211AA7ADA3677 BaseClass: NativeClass:/Script/Engine.StaticMeshActor Name:StaticMeshActor_UAID_F875A42441418A7601_1890573059 Label:Wall_Door_400x401 SpatiallyLoaded:1 Bounds:IsValid=true, Min=(X=1530.000 Y=2780.000 Z=70.000), Max=(X=1930.000 Y=2860.000 Z=470.000) RuntimeGrid:None EditorOnly:0 RuntimeOnly:0 HLODRelevant:1
 |   |   |- [+] [ 19]
 |   |   |   |- Guid:2D7EDBAE4E9B4E2B5533E49A2610BBFD BaseClass:/Game/GameLogic/MapObjects/Obstacles/Obstacle_Cylinder.Obstacle_Cylinder_C NativeClass:/Script/Engine.Actor Name:Obstacle_Cylinder_C_UAID_F875A42441418C7801_1499330529 Label:Obstacle_Cylinder2 SpatiallyLoaded:1 Bounds:IsValid=true, Min=(X=867.353 Y=8855.481 Z=22.500), Max=(X=1661.239 Y=9225.103 Z=197.500) RuntimeGrid:None EditorOnly:0 RuntimeOnly:0 HLODRelevant:0
 |   |   |- [+] [ 20]
 |   |   |   |- Guid:D6E2CE954F75388E09B3FB82F13CB13A BaseClass: NativeClass:/Script/Engine.StaticMeshActor Name:StaticMeshActor_UAID_F875A42441418A7601_1757543056 Label:Wall_Door_400x400 SpatiallyLoaded:1 Bounds:IsValid=true, Min=(X=1550.000 Y=9680.000 Z=70.000), Max=(X=1950.000 Y=9760.000 Z=470.000) RuntimeGrid:None EditorOnly:0 RuntimeOnly:0 HLODRelevant:1
 |   |   |- [+] [ 21]
 |   |   |   |- Guid:6230D46A4EFA88567B3D83B1E4B8DC69 BaseClass: NativeClass:/Script/NavigationSystem.NavMeshBoundsVolume Name:NavMeshBoundsVolume_1 Label:NavMeshBoundsVolume SpatiallyLoaded:0 Bounds:IsValid=true, Min=(X=788.836 Y=2847.890 Z=-461.250), Max=(X=2712.836 Y=9692.890 Z=741.250) RuntimeGrid:None EditorOnly:0 RuntimeOnly:0 HLODRelevant:0 FolderPath:Navigation FolderGuid:AE45D61F453CC144CF8289862C276E89
 |   |   |- [+] [ 22]
 |   |   |   |- Guid:217A90F6410EA8B4F9CEA9A7AB34BC88 BaseClass: NativeClass:/Script/Engine.TextRenderActor Name:TextRenderActor_UAID_F875A4244141B87901_2095652321 Label:TextRenderActor SpatiallyLoaded:1 Bounds:IsValid=true, Min=(X=2645.872 Y=3810.000 Z=70.000), Max=(X=2740.000 Y=4885.890 Z=460.000) RuntimeGrid:None EditorOnly:0 RuntimeOnly:0 HLODRelevant:0
 |   |   |- [+] [ 23]
 |   |   |   |- Guid:7F6704AE41AE652D89EEB8B6CC609B77 BaseClass:/Game/GameLogic/MapObjects/StartPoint.StartPoint_C NativeClass:/Script/Engine.Actor Name:StartPoint_C_UAID_F875A42441417F7901_2105284315 Label:StartPoint SpatiallyLoaded:1 Bounds:IsValid=true, Min=(X=1674.000 Y=2772.000 Z=96.000), Max=(X=1786.000 Y=2948.000 Z=224.000) RuntimeGrid:None EditorOnly:0 RuntimeOnly:0 HLODRelevant:0
 |   |   |- [+] [ 24]
 |   |   |   |- Guid:EE231C1A4BCDB12FB0FF7AA920C5E701 BaseClass: NativeClass:/Script/Engine.ExponentialHeightFog Name:ExponentialHeightFog_1 Label:ExponentialHeightFog SpatiallyLoaded:0 Bounds:IsValid=true, Min=(X=-5600.000 Y=-50.000 Z=-6850.000), Max=(X=-5600.000 Y=-50.000 Z=-6850.000) RuntimeGrid:None EditorOnly:0 RuntimeOnly:0 HLODRelevant:0 FolderPath:Lighting FolderGuid:4C9334684BA61B42C769F799D2576455
 |   |   |- [+] [ 25]
 |   |   |   |- Guid:BFC3691049267BE2297ED2A39060FFF2 BaseClass:/Game/GameLogic/MapObjects/Obstacles/Obstacle_Cube.Obstacle_Cube_C NativeClass:/Script/Engine.Actor Name:Obstacle_Cube_C_UAID_F875A42441418C7801_1477737527 Label:Obstacle_Cube2 SpatiallyLoaded:1 Bounds:IsValid=true, Min=(X=2075.387 Y=5155.907 Z=-75.892), Max=(X=2541.775 Y=5569.486 Z=349.818) RuntimeGrid:None EditorOnly:0 RuntimeOnly:0 HLODRelevant:0
 |   |   |- [+] [ 26]
 |   |   |   |- Guid:F38185ED4AE6E681D26780AF702B8B65 BaseClass:/Game/GameLogic/MapObjects/EndPoint.EndPoint_C NativeClass:/Script/Engine.Actor Name:EndPoint_C_UAID_F875A4244141807901_1659641493 Label:EndPoint SpatiallyLoaded:1 Bounds:IsValid=true, Min=(X=1636.000 Y=9698.000 Z=58.000), Max=(X=1844.000 Y=9762.000 Z=202.000) RuntimeGrid:None EditorOnly:0 RuntimeOnly:0 HLODRelevant:0
 |   |   |- [+] [ 27]
 |   |   |   |- Guid:8DDEAA9543C8C9CDE4749EB30FF861DA BaseClass: NativeClass:/Script/Engine.StaticMeshActor Name:StaticMeshActor_22 Label:SM_Cube5 SpatiallyLoaded:1 Bounds:IsValid=true, Min=(X=660.000 Y=9670.000 Z=0.000), Max=(X=1560.000 Y=9770.000 Z=475.000) RuntimeGrid:None EditorOnly:0 RuntimeOnly:0 HLODRelevant:1 FolderPath:Playground FolderGuid:9FE5E8B349AF71F05F2688921F3F2AC5
 |   |   |- [+] [ 28]
 |   |   |   |- Guid:19EC2CF3487BCC6303AA1EAE6ABBCE39 BaseClass:/Game/GameLogic/MapObjects/Obstacles/Obstacle_Cylinder.Obstacle_Cylinder_C NativeClass:/Script/Engine.Actor Name:Obstacle_Cylinder_C_UAID_F875A42441418C7801_1489446528 Label:Obstacle_Cylinder SpatiallyLoaded:1 Bounds:IsValid=true, Min=(X=1062.500 Y=7672.500 Z=70.000), Max=(X=1237.500 Y=7847.500 Z=845.000) RuntimeGrid:None EditorOnly:0 RuntimeOnly:0 HLODRelevant:0
 |   |   |- [+] [ 29]
 |   |   |   |- Guid:DA5F15874A69CE233748DB9FD3C361C6 BaseClass: NativeClass:/Script/Engine.StaticMeshActor Name:StaticMeshActor_17 Label:SM_Cube SpatiallyLoaded:1 Bounds:IsValid=true, Min=(X=-1210.000 Y=-1530.000 Z=-50.000), Max=(X=5015.000 Y=14145.000 Z=66.667) RuntimeGrid:None EditorOnly:0 RuntimeOnly:0 HLODRelevant:1 FolderPath:Playground FolderGuid:9FE5E8B349AF71F05F2688921F3F2AC5
 |   |   |- [+] [ 30]
 |   |   |   |- Guid:FA389F474324ECFF3E88B88806E8D4C5 BaseClass: NativeClass:/Script/Engine.PostProcessVolume Name:PostProcessVolume_1 Label:PostProcessVolume SpatiallyLoaded:0 Bounds:IsValid=true, Min=(X=0.000 Y=0.000 Z=400.000), Max=(X=200.000 Y=200.000 Z=600.000) RuntimeGrid:None EditorOnly:0 RuntimeOnly:0 HLODRelevant:0 FolderPath:Lighting FolderGuid:4C9334684BA61B42C769F799D2576455
 |   |   |- [+] [ 31]
 |   |   |   |- Guid:026113B24750AF0D6E4D71A3BEC61A7B BaseClass:/Game/GameLogic/MapObjects/Obstacles/Obstacle_Trim_90_In.Obstacle_Trim_90_In_C NativeClass:/Script/Engine.Actor Name:Obstacle_Trim_90_In_C_UAID_F875A42441418C7801_1556665533 Label:Obstacle_Trim_90_In SpatiallyLoaded:1 Bounds:IsValid=true, Min=(X=1940.901 Y=8511.802 Z=70.000), Max=(X=2259.100 Y=8830.000 Z=160.000) RuntimeGrid:None EditorOnly:0 RuntimeOnly:0 HLODRelevant:0
 |- ContainerInstances:
 |- [+] MainContainer:
 |   |-        ID: 0x0000000000000000
 |   |-    Bounds: IsValid=false, Min=(X=0.000 Y=0.000 Z=0.000), Max=(X=0.000 Y=0.000 Z=0.000)
 |   |- Transform: 0.000000,0.000000,0.000000|0.000000,0.000000,-0.000000|1.000000,1.000000,1.000000
 |   |- Container: /Game/GameLogic/Levels/Level1/Level1_1
----------------------------------------------------------------------------------------------------------------
Level1_1 - Persistent Level
----------------------------------------------------------------------------------------------------------------
Always loaded Actor Count: 42 

----------------------------------------------------------------------------------------------------------------
Level1_1 - Runtime Spatial Hash - Streaming Grid - MainGrid
----------------------------------------------------------------------------------------------------------------
            Origin: X=0.000 Y=0.000 Z=0.000
         Cell Size: 12800
      World Bounds: IsValid=false, Min=(X=0.000 Y=0.000 Z=0.000), Max=(X=0.000 Y=0.000 Z=0.000)
     Loading Range: 25600.00
Block Slow Loading: No
 ClientOnlyVisible: No

[+] Grid Levels: 1
 |- Level  0: Cell Count    0 | Cell Size   12800 | Actor Count    0 (0.0%)

[+] Content of Grid Level 0

