[+] Containers:
 |- [+] Container: /Game/TopDown/Maps/TopDownMap
 |   |- [+] ActorDescs:
 |   |   |- Guid:05F9488A412BE6FB0E3D00A35449E23A BaseClass:/Game/GameLogic/NPCs/Enemy/Types/Shooter/BP_Enemy_Shooter.BP_Enemy_Shooter_C NativeClass:/Script/Engine.Character Name:BP_Enemy_Shooter_C_UAID_F875A42441418D7801_1405210698 Label:BP_Enemy_Shooter3 SpatiallyLoaded:1 Bounds:IsValid=true, Min=(X=2626.000 Y=2522.500 Z=70.000), Max=(X=2694.000 Y=2617.500 Z=281.588) RuntimeGrid:None EditorOnly:0 RuntimeOnly:0 HLODRelevant:0
 |   |   |- Guid:0CD4E8164AF5C55D3407F089040F5DAB BaseClass:/Game/GameLogic/NPCs/Enemy/Types/Shooter/BP_Enemy_Shooter.BP_Enemy_Shooter_C NativeClass:/Script/Engine.Character Name:BP_Enemy_Shooter_C_UAID_F875A42441418E7801_1358504877 Label:BP_Enemy_Shooter9 SpatiallyLoaded:1 Bounds:IsValid=true, Min=(X=2646.000 Y=2522.500 Z=65.651), Max=(X=2714.000 Y=2617.500 Z=281.588) RuntimeGrid:None EditorOnly:0 RuntimeOnly:0 HLODRelevant:0
 |   |   |- Guid:1217FEF94DAC134E4B99D4B9521A87FF BaseClass: NativeClass:/Script/Engine.StaticMeshActor Name:StaticMeshActor_UAID_F875A42441418A7601_1890571058 Label:SM_Cube6 SpatiallyLoaded:1 Bounds:IsValid=true, Min=(X=6900.000 Y=100.000 Z=0.000), Max=(X=7000.000 Y=1570.000 Z=475.000) RuntimeGrid:None EditorOnly:0 RuntimeOnly:0 HLODRelevant:1 FolderPath:Playground FolderGuid:9FE5E8B349AF71F05F2688921F3F2AC5
 |   |   |- Guid:137DBBDC4FB425E198EFF38835DE62FD BaseClass: NativeClass:/Script/Engine.StaticMeshActor Name:StaticMeshActor_UAID_F875A42441418A7601_1890574060 Label:SM_Cube12 SpatiallyLoaded:1 Bounds:IsValid=true, Min=(X=6900.000 Y=1970.000 Z=0.000), Max=(X=7000.000 Y=3420.000 Z=475.000) RuntimeGrid:None EditorOnly:0 RuntimeOnly:0 HLODRelevant:1 FolderPath:Playground FolderGuid:9FE5E8B349AF71F05F2688921F3F2AC5
 |   |   |- Guid:147C8D134B12D635012D5F8C57D2C96F BaseClass: NativeClass:/Script/Engine.PostProcessVolume Name:PostProcessVolume_1 Label:PostProcessVolume SpatiallyLoaded:0 Bounds:IsValid=true, Min=(X=0.000 Y=0.000 Z=400.000), Max=(X=200.000 Y=200.000 Z=600.000) RuntimeGrid:None EditorOnly:0 RuntimeOnly:0 HLODRelevant:0 FolderPath:Lighting FolderGuid:4C9334684BA61B42C769F799D2576455
 |   |   |- Guid:1742DF43475F097453197AA79C7473D9 BaseClass: NativeClass:/Script/Engine.SkyLight Name:SkyLight_1 Label:SkyLight SpatiallyLoaded:0 Bounds:IsValid=true, Min=(X=0.000 Y=0.000 Z=690.000), Max=(X=0.000 Y=0.000 Z=690.000) RuntimeGrid:None EditorOnly:0 RuntimeOnly:0 HLODRelevant:0 FolderPath:Lighting FolderGuid:4C9334684BA61B42C769F799D2576455
 |   |   |- Guid:1FEC8FAC495CEF0CE32492ADCBB96BAE BaseClass: NativeClass:/Script/AIModule.NavLinkProxy Name:NavLinkProxy_3 Label:NavLinkProxy3 SpatiallyLoaded:1 Bounds:IsValid=true, Min=(X=2240.000 Y=1030.000 Z=90.000), Max=(X=2240.000 Y=1030.000 Z=90.000) RuntimeGrid:None EditorOnly:0 RuntimeOnly:0 HLODRelevant:0 FolderPath:Navigation FolderGuid:AE45D61F453CC144CF8289862C276E89
 |   |   |- Guid:2169CB5C470E0E674279BA96829753DD BaseClass: NativeClass:/Script/Engine.StaticMeshActor Name:StaticMeshActor_17 Label:SM_Cube SpatiallyLoaded:1 Bounds:IsValid=true, Min=(X=-1210.000 Y=-1530.000 Z=-50.000), Max=(X=8640.000 Y=5470.000 Z=66.667) RuntimeGrid:None EditorOnly:0 RuntimeOnly:0 HLODRelevant:1 FolderPath:Playground FolderGuid:9FE5E8B349AF71F05F2688921F3F2AC5
 |   |   |- Guid:249811B74B26DE07E7809CA3E3684960 BaseClass:/Game/GameLogic/NPCs/Enemy/Types/Fighter/BP_Enemy_Fighter.BP_Enemy_Fighter_C NativeClass:/Script/Engine.Character Name:BP_Enemy_Fighter_C_UAID_F875A42441418E7801_1367384881 Label:BP_Enemy_Fighter9 SpatiallyLoaded:1 Bounds:IsValid=true, Min=(X=1376.000 Y=2912.500 Z=65.651), Max=(X=1444.000 Y=3007.500 Z=281.588) RuntimeGrid:None EditorOnly:0 RuntimeOnly:0 HLODRelevant:0
 |   |   |- Guid:28E12E68434C82A23C01F184DDD8CB91 BaseClass: NativeClass:/Script/Engine.StaticMeshActor Name:StaticMeshActor_UAID_F875A42441418A7601_1757543056 Label:Wall_Door_400x400 SpatiallyLoaded:1 Bounds:IsValid=true, Min=(X=10.000 Y=1570.000 Z=70.000), Max=(X=90.000 Y=1970.000 Z=470.000) RuntimeGrid:None EditorOnly:0 RuntimeOnly:0 HLODRelevant:1
 |   |   |- Guid:2B7ED375418A4385187EA080CB92B4D7 BaseClass: NativeClass:/Script/Engine.StaticMeshActor Name:StaticMeshActor_UAID_F875A42441418A7601_1835420057 Label:SM_Cube11 SpatiallyLoaded:1 Bounds:IsValid=true, Min=(X=-0.000 Y=1970.000 Z=0.000), Max=(X=100.000 Y=3420.000 Z=475.000) RuntimeGrid:None EditorOnly:0 RuntimeOnly:0 HLODRelevant:1 FolderPath:Playground FolderGuid:9FE5E8B349AF71F05F2688921F3F2AC5
 |   |   |- Guid:2DF0D95440BE0EDA81652F860DC7268E BaseClass: NativeClass:/Script/Engine.WorldDataLayers Name:WorldDataLayers Label:WorldDataLayers SpatiallyLoaded:0 Bounds:IsValid=true, Min=(X=0.000 Y=0.000 Z=0.000), Max=(X=0.000 Y=0.000 Z=0.000) RuntimeGrid:None EditorOnly:0 RuntimeOnly:0 HLODRelevant:0
 |   |   |- Guid:306929B142C99B3AD97B3C9F251C2129 BaseClass: NativeClass:/Script/Engine.StaticMeshActor Name:StaticMeshActor_22 Label:SM_Cube5 SpatiallyLoaded:1 Bounds:IsValid=true, Min=(X=-0.000 Y=100.000 Z=0.000), Max=(X=100.000 Y=1570.000 Z=475.000) RuntimeGrid:None EditorOnly:0 RuntimeOnly:0 HLODRelevant:1 FolderPath:Playground FolderGuid:9FE5E8B349AF71F05F2688921F3F2AC5
 |   |   |- Guid:335BC87245A3325751D38DB66EF73A02 BaseClass:/Game/GameLogic/Obstacles/Obstacle_Pipe180.Obstacle_Pipe180_C NativeClass:/Script/Engine.Actor Name:Obstacle_Pipe180_C_UAID_F875A42441418C7801_1516564530 Label:Obstacle_Pipe180 SpatiallyLoaded:1 Bounds:IsValid=true, Min=(X=3020.976 Y=241.210 Z=70.000), Max=(X=3913.750 Y=1435.040 Z=657.500) RuntimeGrid:None EditorOnly:0 RuntimeOnly:0 HLODRelevant:0
 |   |   |- Guid:36A4EAD94A6146329526D1991899D141 BaseClass:/Game/GameLogic/NPCs/Enemy/Types/Shooter/BP_Enemy_Shooter.BP_Enemy_Shooter_C NativeClass:/Script/Engine.Character Name:BP_Enemy_Shooter_C_UAID_F875A42441418E7801_1367431887 Label:BP_Enemy_Shooter15 SpatiallyLoaded:1 Bounds:IsValid=true, Min=(X=1676.000 Y=1032.500 Z=65.651), Max=(X=1744.000 Y=1127.500 Z=281.588) RuntimeGrid:None EditorOnly:0 RuntimeOnly:0 HLODRelevant:0
 |   |   |- Guid:37B80B05436193865FE97A8AC13615F3 BaseClass: NativeClass:/Script/Engine.StaticMeshActor Name:StaticMeshActor_UAID_F875A42441418A7601_1890573059 Label:Wall_Door_400x401 SpatiallyLoaded:1 Bounds:IsValid=true, Min=(X=6910.000 Y=1570.000 Z=70.000), Max=(X=6990.000 Y=1970.000 Z=470.000) RuntimeGrid:None EditorOnly:0 RuntimeOnly:0 HLODRelevant:1
 |   |   |- Guid:400EA0D343774A0C18C75A8733FD8427 BaseClass:/Game/GameLogic/NPCs/Enemy/Types/Fighter/BP_Enemy_Fighter.BP_Enemy_Fighter_C NativeClass:/Script/Engine.Character Name:BP_Enemy_Fighter_C_UAID_F875A42441418E7801_1367408884 Label:BP_Enemy_Fighter10 SpatiallyLoaded:1 Bounds:IsValid=true, Min=(X=2096.000 Y=1612.500 Z=65.651), Max=(X=2164.000 Y=1707.500 Z=281.588) RuntimeGrid:None EditorOnly:0 RuntimeOnly:0 HLODRelevant:0
 |   |   |- Guid:42B0A8A74C031E430C34EBB78F9C6AC6 BaseClass:/Game/GameLogic/NPCs/Enemy/Types/Fighter/BP_Enemy_Fighter.BP_Enemy_Fighter_C NativeClass:/Script/Engine.Character Name:BP_Enemy_Fighter_C_UAID_F875A42441418E7801_1358518879 Label:BP_Enemy_Fighter8 SpatiallyLoaded:1 Bounds:IsValid=true, Min=(X=1346.000 Y=822.500 Z=65.651), Max=(X=1414.000 Y=917.500 Z=281.588) RuntimeGrid:None EditorOnly:0 RuntimeOnly:0 HLODRelevant:0
 |   |   |- Guid:487FDC8B440825928471E6965C463C40 BaseClass:/Game/GameLogic/Barriers/Obstacle_Cube.Obstacle_Cube_C NativeClass:/Script/Engine.Actor Name:Obstacle_Cube_C_UAID_F875A42441418C7801_1454004526 Label:Obstacle_Cube SpatiallyLoaded:1 Bounds:IsValid=true, Min=(X=1531.408 Y=2464.050 Z=-65.892), Max=(X=2032.708 Y=2895.950 Z=359.818) RuntimeGrid:None EditorOnly:0 RuntimeOnly:0 HLODRelevant:0
 |   |   |- Guid:52B9084F4E8756F29A1A638BAB7C89FB BaseClass:/Game/GameLogic/NPCs/Enemy/Types/Shooter/BP_Enemy_Shooter.BP_Enemy_Shooter_C NativeClass:/Script/Engine.Character Name:BP_Enemy_Shooter_C_UAID_F875A42441418E7801_1367375880 Label:BP_Enemy_Shooter11 SpatiallyLoaded:1 Bounds:IsValid=true, Min=(X=1626.000 Y=1952.500 Z=65.651), Max=(X=1694.000 Y=2047.500 Z=281.588) RuntimeGrid:None EditorOnly:0 RuntimeOnly:0 HLODRelevant:0
 |   |   |- Guid:52BCF0C54EFE9363B697E2BD7C91C419 BaseClass:/Game/GameLogic/NPCs/Enemy/Types/Fighter/BP_Enemy_Fighter.BP_Enemy_Fighter_C NativeClass:/Script/Engine.Character Name:BP_Enemy_Fighter_C_UAID_F875A42441418D7801_1412879700 Label:BP_Enemy_Fighter SpatiallyLoaded:1 Bounds:IsValid=true, Min=(X=1276.000 Y=2102.500 Z=70.000), Max=(X=1344.000 Y=2197.500 Z=281.588) RuntimeGrid:None EditorOnly:0 RuntimeOnly:0 HLODRelevant:0
 |   |   |- Guid:53B11BA343189AB9B12EF5A6C344E7A3 BaseClass:/Game/GameLogic/NPCs/Enemy/Types/Shooter/BP_Enemy_Shooter.BP_Enemy_Shooter_C NativeClass:/Script/Engine.Character Name:BP_Enemy_Shooter_C_UAID_F875A42441418E7801_1367393882 Label:BP_Enemy_Shooter12 SpatiallyLoaded:1 Bounds:IsValid=true, Min=(X=2236.000 Y=1212.500 Z=65.651), Max=(X=2304.000 Y=1307.500 Z=281.588) RuntimeGrid:None EditorOnly:0 RuntimeOnly:0 HLODRelevant:0
 |   |   |- Guid:595E3392417AA3F22E6561AE2D63DDE5 BaseClass:/Game/GameLogic/NPCs/Enemy/Types/Shooter/BP_Enemy_Shooter.BP_Enemy_Shooter_C NativeClass:/Script/Engine.Character Name:BP_Enemy_Shooter_C_UAID_F875A42441418E7801_1358511878 Label:BP_Enemy_Shooter10 SpatiallyLoaded:1 Bounds:IsValid=true, Min=(X=1666.000 Y=1022.500 Z=65.651), Max=(X=1734.000 Y=1117.500 Z=281.588) RuntimeGrid:None EditorOnly:0 RuntimeOnly:0 HLODRelevant:0
 |   |   |- Guid:6252C7D64ACF162A73EE65B11FE214D1 BaseClass: NativeClass:/Script/Engine.SkyAtmosphere Name:SkyAtmosphere_1 Label:SkyAtmosphere SpatiallyLoaded:0 Bounds:IsValid=true, Min=(X=0.000 Y=0.000 Z=1020.000), Max=(X=0.000 Y=0.000 Z=1020.000) RuntimeGrid:None EditorOnly:0 RuntimeOnly:0 HLODRelevant:0 FolderPath:Lighting FolderGuid:4C9334684BA61B42C769F799D2576455
 |   |   |- Guid:635E88E64282B614A958A789F5A985B9 BaseClass:/Game/GameLogic/NPCs/Enemy/Types/Shooter/BP_Enemy_Shooter.BP_Enemy_Shooter_C NativeClass:/Script/Engine.Character Name:BP_Enemy_Shooter_C_UAID_F875A42441418D7801_1400208696 Label:BP_Enemy_Shooter SpatiallyLoaded:1 Bounds:IsValid=true, Min=(X=1596.000 Y=1942.500 Z=70.000), Max=(X=1664.000 Y=2037.500 Z=281.588) RuntimeGrid:None EditorOnly:0 RuntimeOnly:0 HLODRelevant:0
 |   |   |- Guid:66A63A7F44A30C97B12A58874AD05E8F BaseClass:/Game/GameLogic/NPCs/Enemy/Types/Shooter/BP_Enemy_Shooter.BP_Enemy_Shooter_C NativeClass:/Script/Engine.Character Name:BP_Enemy_Shooter_C_UAID_F875A42441418D7801_1402184697 Label:BP_Enemy_Shooter2 SpatiallyLoaded:1 Bounds:IsValid=true, Min=(X=1646.000 Y=1022.500 Z=70.000), Max=(X=1714.000 Y=1117.500 Z=281.588) RuntimeGrid:None EditorOnly:0 RuntimeOnly:0 HLODRelevant:0
 |   |   |- Guid:66BCBF874D2A22ADC6523B95EE812CA3 BaseClass: NativeClass:/Script/Engine.StaticMeshActor Name:StaticMeshActor_UAID_A4AE111137DC5CFB00_1660657071 Label:SM_SkySphere SpatiallyLoaded:0 Bounds:IsValid=true, Min=(X=-1638400.000 Y=-1638400.000 Z=-1638400.000), Max=(X=1638400.000 Y=1638400.000 Z=1638400.000) RuntimeGrid:None EditorOnly:0 RuntimeOnly:0 HLODRelevant:1 FolderPath:Lighting FolderGuid:4C9334684BA61B42C769F799D2576455
 |   |   |- Guid:68F6C491404CFC76444F87949EEC2BA5 BaseClass:/Game/GameLogic/NPCs/Enemy/Types/Fighter/BP_Enemy_Fighter.BP_Enemy_Fighter_C NativeClass:/Script/Engine.Character Name:BP_Enemy_Fighter_C_UAID_F875A42441418E7801_1358489875 Label:BP_Enemy_Fighter6 SpatiallyLoaded:1 Bounds:IsValid=true, Min=(X=2086.000 Y=1602.500 Z=65.651), Max=(X=2154.000 Y=1697.500 Z=281.588) RuntimeGrid:None EditorOnly:0 RuntimeOnly:0 HLODRelevant:0
 |   |   |- Guid:77F893B3468595EE782136AD620D7EF4 BaseClass: NativeClass:/Script/Engine.VolumetricCloud Name:VolumetricCloud_0 Label:VolumetricCloud SpatiallyLoaded:0 Bounds:IsValid=true, Min=(X=0.000 Y=0.000 Z=820.000), Max=(X=0.000 Y=0.000 Z=820.000) RuntimeGrid:None EditorOnly:0 RuntimeOnly:0 HLODRelevant:0 FolderPath:Lighting FolderGuid:4C9334684BA61B42C769F799D2576455
 |   |   |- Guid:7A96441C470023A59EA117BA8EE2241F BaseClass:/Game/GameLogic/Barriers/Obstacle_Cylinder.Obstacle_Cylinder_C NativeClass:/Script/Engine.Actor Name:Obstacle_Cylinder_C_UAID_F875A42441418C7801_1499330529 Label:Obstacle_Cylinder2 SpatiallyLoaded:1 Bounds:IsValid=true, Min=(X=544.897 Y=527.353 Z=22.500), Max=(X=914.519 Y=1321.239 Z=197.500) RuntimeGrid:None EditorOnly:0 RuntimeOnly:0 HLODRelevant:0
 |   |   |- Guid:8A42EADD4F9EEEA1A20FBCB53C41372D BaseClass:/Game/GameLogic/Barriers/Obstacle_Trim_90_In.Obstacle_Trim_90_In_C NativeClass:/Script/Engine.Actor Name:Obstacle_Trim_90_In_C_UAID_F875A42441418C7801_1556665533 Label:Obstacle_Trim_90_In SpatiallyLoaded:1 Bounds:IsValid=true, Min=(X=940.000 Y=2530.901 Z=70.000), Max=(X=1258.198 Y=2849.100 Z=160.000) RuntimeGrid:None EditorOnly:0 RuntimeOnly:0 HLODRelevant:0
 |   |   |- Guid:942353954C9C7D4221DB6F8D0063E969 BaseClass:/Game/GameLogic/NPCs/Enemy/Types/Fighter/BP_Enemy_Fighter.BP_Enemy_Fighter_C NativeClass:/Script/Engine.Character Name:BP_Enemy_Fighter_C_UAID_F875A42441418D7801_1417953702 Label:BP_Enemy_Fighter3 SpatiallyLoaded:1 Bounds:IsValid=true, Min=(X=2066.000 Y=1602.500 Z=70.000), Max=(X=2134.000 Y=1697.500 Z=281.588) RuntimeGrid:None EditorOnly:0 RuntimeOnly:0 HLODRelevant:0
 |   |   |- Guid:9A95093E4D2DBC3C23597EAFC2805D06 BaseClass:/Game/GameLogic/NPCs/Enemy/Types/Shooter/BP_Enemy_Shooter.BP_Enemy_Shooter_C NativeClass:/Script/Engine.Character Name:BP_Enemy_Shooter_C_UAID_F875A42441418E7801_1358482874 Label:BP_Enemy_Shooter8 SpatiallyLoaded:1 Bounds:IsValid=true, Min=(X=1066.000 Y=622.500 Z=65.651), Max=(X=1134.000 Y=717.500 Z=281.588) RuntimeGrid:None EditorOnly:0 RuntimeOnly:0 HLODRelevant:0
 |   |   |- Guid:9B58109B49921CB0929A2E88DF8F5475 BaseClass:/Game/GameLogic/NPCs/Enemy/Types/Fighter/BP_Enemy_Fighter.BP_Enemy_Fighter_C NativeClass:/Script/Engine.Character Name:BP_Enemy_Fighter_C_UAID_F875A42441418E7801_1367416885 Label:BP_Enemy_Fighter11 SpatiallyLoaded:1 Bounds:IsValid=true, Min=(X=1306.000 Y=2112.500 Z=65.651), Max=(X=1374.000 Y=2207.500 Z=281.588) RuntimeGrid:None EditorOnly:0 RuntimeOnly:0 HLODRelevant:0
 |   |   |- Guid:9D58C80D4B53F9BA52B304B546165A95 BaseClass:/Game/GameLogic/NPCs/Enemy/Types/Shooter/BP_Enemy_Shooter.BP_Enemy_Shooter_C NativeClass:/Script/Engine.Character Name:BP_Enemy_Shooter_C_UAID_F875A42441418E7801_1358429871 Label:BP_Enemy_Shooter6 SpatiallyLoaded:1 Bounds:IsValid=true, Min=(X=1616.000 Y=1942.500 Z=65.651), Max=(X=1684.000 Y=2037.500 Z=281.588) RuntimeGrid:None EditorOnly:0 RuntimeOnly:0 HLODRelevant:0
 |   |   |- Guid:AECEEEE741E6DE68F6843FA49564A956 BaseClass: NativeClass:/Script/Engine.DirectionalLight Name:DirectionalLight_1 Label:DirectionalLight SpatiallyLoaded:0 Bounds:IsValid=true, Min=(X=-1048576.000 Y=-1048576.000 Z=-1048576.000), Max=(X=1048576.000 Y=1048576.000 Z=1048576.000) RuntimeGrid:None EditorOnly:0 RuntimeOnly:0 HLODRelevant:0 FolderPath:Lighting FolderGuid:4C9334684BA61B42C769F799D2576455
 |   |   |- Guid:B6DD44DF462626EC370E8EA48A83D18D BaseClass:/Game/GameLogic/NPCs/Enemy/Types/Shooter/BP_Enemy_Shooter.BP_Enemy_Shooter_C NativeClass:/Script/Engine.Character Name:BP_Enemy_Shooter_C_UAID_F875A42441418E7801_1367423886 Label:BP_Enemy_Shooter14 SpatiallyLoaded:1 Bounds:IsValid=true, Min=(X=2656.000 Y=2532.500 Z=65.651), Max=(X=2724.000 Y=2627.500 Z=281.588) RuntimeGrid:None EditorOnly:0 RuntimeOnly:0 HLODRelevant:0
 |   |   |- Guid:B7348ECC4873E8F48CA7A29664DEFA16 BaseClass:/Game/GameLogic/NPCs/Enemy/Types/Fighter/BP_Enemy_Fighter.BP_Enemy_Fighter_C NativeClass:/Script/Engine.Character Name:BP_Enemy_Fighter_C_UAID_F875A42441418D7801_1420866703 Label:BP_Enemy_Fighter4 SpatiallyLoaded:1 Bounds:IsValid=true, Min=(X=1346.000 Y=2902.500 Z=70.000), Max=(X=1414.000 Y=2997.500 Z=281.588) RuntimeGrid:None EditorOnly:0 RuntimeOnly:0 HLODRelevant:0
 |   |   |- Guid:BBB0495E4B464AFCF8F8869CB8EF4527 BaseClass:/Game/GameLogic/Barriers/Obstacle_Trim_90_Out.Obstacle_Trim_90_Out_C NativeClass:/Script/Engine.Actor Name:Obstacle_Trim_90_Out_C_UAID_F875A42441418C7801_1550515532 Label:Obstacle_Trim_90_Out SpatiallyLoaded:1 Bounds:IsValid=true, Min=(X=2270.000 Y=1790.000 Z=70.000), Max=(X=2520.000 Y=2040.001 Z=170.000) RuntimeGrid:None EditorOnly:0 RuntimeOnly:0 HLODRelevant:0
 |   |   |- Guid:BDCAC284452349384E0C3384FB7B08AF BaseClass:/Game/GameLogic/NPCs/Enemy/Types/Fighter/BP_Enemy_Fighter.BP_Enemy_Fighter_C NativeClass:/Script/Engine.Character Name:BP_Enemy_Fighter_C_UAID_F875A42441418E7801_1358497876 Label:BP_Enemy_Fighter7 SpatiallyLoaded:1 Bounds:IsValid=true, Min=(X=1296.000 Y=2102.500 Z=65.651), Max=(X=1364.000 Y=2197.500 Z=281.588) RuntimeGrid:None EditorOnly:0 RuntimeOnly:0 HLODRelevant:0
 |   |   |- Guid:C75FBD4A493D65EDE34DE7945F3161F0 BaseClass:/Game/GameLogic/Barriers/Obstacle_Cube.Obstacle_Cube_C NativeClass:/Script/Engine.Actor Name:Obstacle_Cube_C_UAID_F875A42441418C7801_1477737527 Label:Obstacle_Cube2 SpatiallyLoaded:1 Bounds:IsValid=true, Min=(X=4200.514 Y=2415.387 Z=-75.892), Max=(X=4614.093 Y=2881.774 Z=349.818) RuntimeGrid:None EditorOnly:0 RuntimeOnly:0 HLODRelevant:0
 |   |   |- Guid:CCDD89584E0A9025F52AEDA51D60CA54 BaseClass: NativeClass:/Script/NavigationSystem.NavMeshBoundsVolume Name:NavMeshBoundsVolume_1 Label:NavMeshBoundsVolume SpatiallyLoaded:0 Bounds:IsValid=true, Min=(X=-130.000 Y=-100.000 Z=-610.000), Max=(X=7070.000 Y=3600.000 Z=890.000) RuntimeGrid:None EditorOnly:0 RuntimeOnly:0 HLODRelevant:0 FolderPath:Navigation FolderGuid:AE45D61F453CC144CF8289862C276E89
 |   |   |- Guid:D24D61B944EF71BE7BC469B7EB239299 BaseClass: NativeClass:/Script/Engine.ExponentialHeightFog Name:ExponentialHeightFog_1 Label:ExponentialHeightFog SpatiallyLoaded:0 Bounds:IsValid=true, Min=(X=-5600.000 Y=-50.000 Z=-6850.000), Max=(X=-5600.000 Y=-50.000 Z=-6850.000) RuntimeGrid:None EditorOnly:0 RuntimeOnly:0 HLODRelevant:0 FolderPath:Lighting FolderGuid:4C9334684BA61B42C769F799D2576455
 |   |   |- Guid:DF64734942440AE3DBDBE9B7E9DD67EA BaseClass:/Game/GameLogic/Barriers/Obstacle_Parent.Obstacle_Parent_C NativeClass:/Script/Engine.Actor Name:Obstacle_Parent_C_UAID_F875A42441418B7801_2139891349 Label:Obstacle_Parent SpatiallyLoaded:1 Bounds:IsValid=true, Min=(X=1030.000 Y=2570.000 Z=70.000), Max=(X=1030.000 Y=2570.000 Z=70.000) RuntimeGrid:None EditorOnly:0 RuntimeOnly:0 HLODRelevant:0
 |   |   |- Guid:E25D59134A9C83944D0B65B7D266AB35 BaseClass:/Game/GameLogic/NPCs/Enemy/Types/Shooter/BP_Enemy_Shooter.BP_Enemy_Shooter_C NativeClass:/Script/Engine.Character Name:BP_Enemy_Shooter_C_UAID_F875A42441418E7801_1358473873 Label:BP_Enemy_Shooter7 SpatiallyLoaded:1 Bounds:IsValid=true, Min=(X=2226.000 Y=1202.500 Z=65.651), Max=(X=2294.000 Y=1297.500 Z=281.588) RuntimeGrid:None EditorOnly:0 RuntimeOnly:0 HLODRelevant:0
 |   |   |- Guid:E3DC070B4FF0E01A9A3A8CB84674DC53 BaseClass:/Game/GameLogic/NPCs/Enemy/Types/Fighter/BP_Enemy_Fighter.BP_Enemy_Fighter_C NativeClass:/Script/Engine.Character Name:BP_Enemy_Fighter_C_UAID_F875A42441418E7801_1367438888 Label:BP_Enemy_Fighter12 SpatiallyLoaded:1 Bounds:IsValid=true, Min=(X=1356.000 Y=832.500 Z=65.651), Max=(X=1424.000 Y=927.500 Z=281.588) RuntimeGrid:None EditorOnly:0 RuntimeOnly:0 HLODRelevant:0
 |   |   |- Guid:E564F7AE4911B880052AB58C100037AD BaseClass:/Game/GameLogic/NPCs/Enemy/Types/Shooter/BP_Enemy_Shooter.BP_Enemy_Shooter_C NativeClass:/Script/Engine.Character Name:BP_Enemy_Shooter_C_UAID_F875A42441418E7801_1367400883 Label:BP_Enemy_Shooter13 SpatiallyLoaded:1 Bounds:IsValid=true, Min=(X=1076.000 Y=632.500 Z=65.651), Max=(X=1144.000 Y=727.500 Z=281.588) RuntimeGrid:None EditorOnly:0 RuntimeOnly:0 HLODRelevant:0
 |   |   |- Guid:E5BA244F42265DAA83AFD0972DC6AD7F BaseClass:/Game/GameLogic/NPCs/Enemy/Types/Shooter/BP_Enemy_Shooter.BP_Enemy_Shooter_C NativeClass:/Script/Engine.Character Name:BP_Enemy_Shooter_C_UAID_F875A42441418D7801_2144040704 Label:BP_Enemy_Shooter5 SpatiallyLoaded:1 Bounds:IsValid=true, Min=(X=1046.000 Y=622.500 Z=70.000), Max=(X=1114.000 Y=717.500 Z=281.588) RuntimeGrid:None EditorOnly:0 RuntimeOnly:0 HLODRelevant:0
 |   |   |- Guid:E6A20E274203FAFE4ED5478DDDCFAA9B BaseClass:/Game/GameLogic/NPCs/Enemy/Types/Shooter/BP_Enemy_Shooter.BP_Enemy_Shooter_C NativeClass:/Script/Engine.Character Name:BP_Enemy_Shooter_C_UAID_F875A42441418D7801_1407943699 Label:BP_Enemy_Shooter4 SpatiallyLoaded:1 Bounds:IsValid=true, Min=(X=2206.000 Y=1202.500 Z=70.000), Max=(X=2274.000 Y=1297.500 Z=281.588) RuntimeGrid:None EditorOnly:0 RuntimeOnly:0 HLODRelevant:0
 |   |   |- Guid:E790590E47B34F7C470365B550B4EBF2 BaseClass:/Game/GameLogic/Barriers/Obstacle_Statue.Obstacle_Statue_C NativeClass:/Script/Engine.Actor Name:Obstacle_Statue_C_UAID_F875A42441418C7801_1541537531 Label:Obstacle_Statue SpatiallyLoaded:1 Bounds:IsValid=true, Min=(X=2929.187 Y=1639.187 Z=70.000), Max=(X=3170.813 Y=1880.813 Z=611.456) RuntimeGrid:None EditorOnly:0 RuntimeOnly:0 HLODRelevant:0
 |   |   |- Guid:E9F51259425B785A35C436A5559AD7B4 BaseClass: NativeClass:/Script/Engine.StaticMeshActor Name:StaticMeshActor_19 Label:SM_Cube3 SpatiallyLoaded:1 Bounds:IsValid=true, Min=(X=0.000 Y=3400.000 Z=0.000), Max=(X=7000.000 Y=3500.000 Z=475.000) RuntimeGrid:None EditorOnly:0 RuntimeOnly:0 HLODRelevant:1 FolderPath:Playground FolderGuid:9FE5E8B349AF71F05F2688921F3F2AC5
 |   |   |- Guid:EA8FDCE340956C7032DEF9A0167C11E1 BaseClass:/Game/GameLogic/NPCs/Enemy/Types/Fighter/BP_Enemy_Fighter.BP_Enemy_Fighter_C NativeClass:/Script/Engine.Character Name:BP_Enemy_Fighter_C_UAID_F875A42441418D7801_1415438701 Label:BP_Enemy_Fighter2 SpatiallyLoaded:1 Bounds:IsValid=true, Min=(X=1326.000 Y=822.500 Z=70.000), Max=(X=1394.000 Y=917.500 Z=281.588) RuntimeGrid:None EditorOnly:0 RuntimeOnly:0 HLODRelevant:0
 |   |   |- Guid:EFEF82964B16488A9C13C3ADE746C58D BaseClass:/Game/GameLogic/Barriers/Obstacle_Cylinder.Obstacle_Cylinder_C NativeClass:/Script/Engine.Actor Name:Obstacle_Cylinder_C_UAID_F875A42441418C7801_1489446528 Label:Obstacle_Cylinder SpatiallyLoaded:1 Bounds:IsValid=true, Min=(X=1922.500 Y=602.500 Z=70.000), Max=(X=2097.500 Y=777.500 Z=845.000) RuntimeGrid:None EditorOnly:0 RuntimeOnly:0 HLODRelevant:0
 |   |   |- Guid:F07559B14CE9ADE1215992AA417A945E BaseClass: NativeClass:/Script/Engine.StaticMeshActor Name:StaticMeshActor_18 Label:SM_Cube2 SpatiallyLoaded:1 Bounds:IsValid=true, Min=(X=0.000 Y=0.000 Z=0.000), Max=(X=7000.000 Y=100.000 Z=475.000) RuntimeGrid:None EditorOnly:0 RuntimeOnly:0 HLODRelevant:1 FolderPath:Playground FolderGuid:9FE5E8B349AF71F05F2688921F3F2AC5
 |   |   |- Guid:F115BF35484ED1EB194EC3868A34A066 BaseClass:/Game/GameLogic/NPCs/Enemy/Types/Fighter/BP_Enemy_Fighter.BP_Enemy_Fighter_C NativeClass:/Script/Engine.Character Name:BP_Enemy_Fighter_C_UAID_F875A42441418E7801_1358462872 Label:BP_Enemy_Fighter5 SpatiallyLoaded:1 Bounds:IsValid=true, Min=(X=1366.000 Y=2902.500 Z=65.651), Max=(X=1434.000 Y=2997.500 Z=281.588) RuntimeGrid:None EditorOnly:0 RuntimeOnly:0 HLODRelevant:0
 |   |   |- Guid:F33CC5014C49925B3A9D52A063AF483F BaseClass: NativeClass:/Script/Engine.PlayerStart Name:PlayerStart_0 Label:PlayerStart SpatiallyLoaded:0 Bounds:IsValid=true, Min=(X=960.000 Y=1770.000 Z=0.013), Max=(X=1040.000 Y=1850.000 Z=184.013) RuntimeGrid:None EditorOnly:0 RuntimeOnly:0 HLODRelevant:0
 |   |- [+] Clusters:
 |   |   |- [+] [  0]
 |   |   |   |- Guid:C75FBD4A493D65EDE34DE7945F3161F0 BaseClass:/Game/GameLogic/Barriers/Obstacle_Cube.Obstacle_Cube_C NativeClass:/Script/Engine.Actor Name:Obstacle_Cube_C_UAID_F875A42441418C7801_1477737527 Label:Obstacle_Cube2 SpatiallyLoaded:1 Bounds:IsValid=true, Min=(X=4200.514 Y=2415.387 Z=-75.892), Max=(X=4614.093 Y=2881.774 Z=349.818) RuntimeGrid:None EditorOnly:0 RuntimeOnly:0 HLODRelevant:0
 |   |   |- [+] [  1]
 |   |   |   |- Guid:CCDD89584E0A9025F52AEDA51D60CA54 BaseClass: NativeClass:/Script/NavigationSystem.NavMeshBoundsVolume Name:NavMeshBoundsVolume_1 Label:NavMeshBoundsVolume SpatiallyLoaded:0 Bounds:IsValid=true, Min=(X=-130.000 Y=-100.000 Z=-610.000), Max=(X=7070.000 Y=3600.000 Z=890.000) RuntimeGrid:None EditorOnly:0 RuntimeOnly:0 HLODRelevant:0 FolderPath:Navigation FolderGuid:AE45D61F453CC144CF8289862C276E89
 |   |   |- [+] [  2]
 |   |   |   |- Guid:F07559B14CE9ADE1215992AA417A945E BaseClass: NativeClass:/Script/Engine.StaticMeshActor Name:StaticMeshActor_18 Label:SM_Cube2 SpatiallyLoaded:1 Bounds:IsValid=true, Min=(X=0.000 Y=0.000 Z=0.000), Max=(X=7000.000 Y=100.000 Z=475.000) RuntimeGrid:None EditorOnly:0 RuntimeOnly:0 HLODRelevant:1 FolderPath:Playground FolderGuid:9FE5E8B349AF71F05F2688921F3F2AC5
 |   |   |- [+] [  3]
 |   |   |   |- Guid:635E88E64282B614A958A789F5A985B9 BaseClass:/Game/GameLogic/NPCs/Enemy/Types/Shooter/BP_Enemy_Shooter.BP_Enemy_Shooter_C NativeClass:/Script/Engine.Character Name:BP_Enemy_Shooter_C_UAID_F875A42441418D7801_1400208696 Label:BP_Enemy_Shooter SpatiallyLoaded:1 Bounds:IsValid=true, Min=(X=1596.000 Y=1942.500 Z=70.000), Max=(X=1664.000 Y=2037.500 Z=281.588) RuntimeGrid:None EditorOnly:0 RuntimeOnly:0 HLODRelevant:0
 |   |   |- [+] [  4]
 |   |   |   |- Guid:DF64734942440AE3DBDBE9B7E9DD67EA BaseClass:/Game/GameLogic/Barriers/Obstacle_Parent.Obstacle_Parent_C NativeClass:/Script/Engine.Actor Name:Obstacle_Parent_C_UAID_F875A42441418B7801_2139891349 Label:Obstacle_Parent SpatiallyLoaded:1 Bounds:IsValid=true, Min=(X=1030.000 Y=2570.000 Z=70.000), Max=(X=1030.000 Y=2570.000 Z=70.000) RuntimeGrid:None EditorOnly:0 RuntimeOnly:0 HLODRelevant:0
 |   |   |- [+] [  5]
 |   |   |   |- Guid:B7348ECC4873E8F48CA7A29664DEFA16 BaseClass:/Game/GameLogic/NPCs/Enemy/Types/Fighter/BP_Enemy_Fighter.BP_Enemy_Fighter_C NativeClass:/Script/Engine.Character Name:BP_Enemy_Fighter_C_UAID_F875A42441418D7801_1420866703 Label:BP_Enemy_Fighter4 SpatiallyLoaded:1 Bounds:IsValid=true, Min=(X=1346.000 Y=2902.500 Z=70.000), Max=(X=1414.000 Y=2997.500 Z=281.588) RuntimeGrid:None EditorOnly:0 RuntimeOnly:0 HLODRelevant:0
 |   |   |- [+] [  6]
 |   |   |   |- Guid:EFEF82964B16488A9C13C3ADE746C58D BaseClass:/Game/GameLogic/Barriers/Obstacle_Cylinder.Obstacle_Cylinder_C NativeClass:/Script/Engine.Actor Name:Obstacle_Cylinder_C_UAID_F875A42441418C7801_1489446528 Label:Obstacle_Cylinder SpatiallyLoaded:1 Bounds:IsValid=true, Min=(X=1922.500 Y=602.500 Z=70.000), Max=(X=2097.500 Y=777.500 Z=845.000) RuntimeGrid:None EditorOnly:0 RuntimeOnly:0 HLODRelevant:0
 |   |   |- [+] [  7]
 |   |   |   |- Guid:37B80B05436193865FE97A8AC13615F3 BaseClass: NativeClass:/Script/Engine.StaticMeshActor Name:StaticMeshActor_UAID_F875A42441418A7601_1890573059 Label:Wall_Door_400x401 SpatiallyLoaded:1 Bounds:IsValid=true, Min=(X=6910.000 Y=1570.000 Z=70.000), Max=(X=6990.000 Y=1970.000 Z=470.000) RuntimeGrid:None EditorOnly:0 RuntimeOnly:0 HLODRelevant:1
 |   |   |- [+] [  8]
 |   |   |   |- Guid:7A96441C470023A59EA117BA8EE2241F BaseClass:/Game/GameLogic/Barriers/Obstacle_Cylinder.Obstacle_Cylinder_C NativeClass:/Script/Engine.Actor Name:Obstacle_Cylinder_C_UAID_F875A42441418C7801_1499330529 Label:Obstacle_Cylinder2 SpatiallyLoaded:1 Bounds:IsValid=true, Min=(X=544.897 Y=527.353 Z=22.500), Max=(X=914.519 Y=1321.239 Z=197.500) RuntimeGrid:None EditorOnly:0 RuntimeOnly:0 HLODRelevant:0
 |   |   |- [+] [  9]
 |   |   |   |- Guid:E6A20E274203FAFE4ED5478DDDCFAA9B BaseClass:/Game/GameLogic/NPCs/Enemy/Types/Shooter/BP_Enemy_Shooter.BP_Enemy_Shooter_C NativeClass:/Script/Engine.Character Name:BP_Enemy_Shooter_C_UAID_F875A42441418D7801_1407943699 Label:BP_Enemy_Shooter4 SpatiallyLoaded:1 Bounds:IsValid=true, Min=(X=2206.000 Y=1202.500 Z=70.000), Max=(X=2274.000 Y=1297.500 Z=281.588) RuntimeGrid:None EditorOnly:0 RuntimeOnly:0 HLODRelevant:0
 |   |   |- [+] [ 10]
 |   |   |   |- Guid:2169CB5C470E0E674279BA96829753DD BaseClass: NativeClass:/Script/Engine.StaticMeshActor Name:StaticMeshActor_17 Label:SM_Cube SpatiallyLoaded:1 Bounds:IsValid=true, Min=(X=-1210.000 Y=-1530.000 Z=-50.000), Max=(X=8640.000 Y=5470.000 Z=66.667) RuntimeGrid:None EditorOnly:0 RuntimeOnly:0 HLODRelevant:1 FolderPath:Playground FolderGuid:9FE5E8B349AF71F05F2688921F3F2AC5
 |   |   |- [+] [ 11]
 |   |   |   |- Guid:137DBBDC4FB425E198EFF38835DE62FD BaseClass: NativeClass:/Script/Engine.StaticMeshActor Name:StaticMeshActor_UAID_F875A42441418A7601_1890574060 Label:SM_Cube12 SpatiallyLoaded:1 Bounds:IsValid=true, Min=(X=6900.000 Y=1970.000 Z=0.000), Max=(X=7000.000 Y=3420.000 Z=475.000) RuntimeGrid:None EditorOnly:0 RuntimeOnly:0 HLODRelevant:1 FolderPath:Playground FolderGuid:9FE5E8B349AF71F05F2688921F3F2AC5
 |   |   |- [+] [ 12]
 |   |   |   |- Guid:1FEC8FAC495CEF0CE32492ADCBB96BAE BaseClass: NativeClass:/Script/AIModule.NavLinkProxy Name:NavLinkProxy_3 Label:NavLinkProxy3 SpatiallyLoaded:1 Bounds:IsValid=true, Min=(X=2240.000 Y=1030.000 Z=90.000), Max=(X=2240.000 Y=1030.000 Z=90.000) RuntimeGrid:None EditorOnly:0 RuntimeOnly:0 HLODRelevant:0 FolderPath:Navigation FolderGuid:AE45D61F453CC144CF8289862C276E89
 |   |   |- [+] [ 13]
 |   |   |   |- Guid:6252C7D64ACF162A73EE65B11FE214D1 BaseClass: NativeClass:/Script/Engine.SkyAtmosphere Name:SkyAtmosphere_1 Label:SkyAtmosphere SpatiallyLoaded:0 Bounds:IsValid=true, Min=(X=0.000 Y=0.000 Z=1020.000), Max=(X=0.000 Y=0.000 Z=1020.000) RuntimeGrid:None EditorOnly:0 RuntimeOnly:0 HLODRelevant:0 FolderPath:Lighting FolderGuid:4C9334684BA61B42C769F799D2576455
 |   |   |- [+] [ 14]
 |   |   |   |- Guid:E5BA244F42265DAA83AFD0972DC6AD7F BaseClass:/Game/GameLogic/NPCs/Enemy/Types/Shooter/BP_Enemy_Shooter.BP_Enemy_Shooter_C NativeClass:/Script/Engine.Character Name:BP_Enemy_Shooter_C_UAID_F875A42441418D7801_2144040704 Label:BP_Enemy_Shooter5 SpatiallyLoaded:1 Bounds:IsValid=true, Min=(X=1046.000 Y=622.500 Z=70.000), Max=(X=1114.000 Y=717.500 Z=281.588) RuntimeGrid:None EditorOnly:0 RuntimeOnly:0 HLODRelevant:0
 |   |   |- [+] [ 15]
 |   |   |   |- Guid:D24D61B944EF71BE7BC469B7EB239299 BaseClass: NativeClass:/Script/Engine.ExponentialHeightFog Name:ExponentialHeightFog_1 Label:ExponentialHeightFog SpatiallyLoaded:0 Bounds:IsValid=true, Min=(X=-5600.000 Y=-50.000 Z=-6850.000), Max=(X=-5600.000 Y=-50.000 Z=-6850.000) RuntimeGrid:None EditorOnly:0 RuntimeOnly:0 HLODRelevant:0 FolderPath:Lighting FolderGuid:4C9334684BA61B42C769F799D2576455
 |   |   |- [+] [ 16]
 |   |   |   |- Guid:77F893B3468595EE782136AD620D7EF4 BaseClass: NativeClass:/Script/Engine.VolumetricCloud Name:VolumetricCloud_0 Label:VolumetricCloud SpatiallyLoaded:0 Bounds:IsValid=true, Min=(X=0.000 Y=0.000 Z=820.000), Max=(X=0.000 Y=0.000 Z=820.000) RuntimeGrid:None EditorOnly:0 RuntimeOnly:0 HLODRelevant:0 FolderPath:Lighting FolderGuid:4C9334684BA61B42C769F799D2576455
 |   |   |- [+] [ 17]
 |   |   |   |- Guid:942353954C9C7D4221DB6F8D0063E969 BaseClass:/Game/GameLogic/NPCs/Enemy/Types/Fighter/BP_Enemy_Fighter.BP_Enemy_Fighter_C NativeClass:/Script/Engine.Character Name:BP_Enemy_Fighter_C_UAID_F875A42441418D7801_1417953702 Label:BP_Enemy_Fighter3 SpatiallyLoaded:1 Bounds:IsValid=true, Min=(X=2066.000 Y=1602.500 Z=70.000), Max=(X=2134.000 Y=1697.500 Z=281.588) RuntimeGrid:None EditorOnly:0 RuntimeOnly:0 HLODRelevant:0
 |   |   |- [+] [ 18]
 |   |   |   |- Guid:F33CC5014C49925B3A9D52A063AF483F BaseClass: NativeClass:/Script/Engine.PlayerStart Name:PlayerStart_0 Label:PlayerStart SpatiallyLoaded:0 Bounds:IsValid=true, Min=(X=960.000 Y=1770.000 Z=0.013), Max=(X=1040.000 Y=1850.000 Z=184.013) RuntimeGrid:None EditorOnly:0 RuntimeOnly:0 HLODRelevant:0
 |   |   |- [+] [ 19]
 |   |   |   |- Guid:147C8D134B12D635012D5F8C57D2C96F BaseClass: NativeClass:/Script/Engine.PostProcessVolume Name:PostProcessVolume_1 Label:PostProcessVolume SpatiallyLoaded:0 Bounds:IsValid=true, Min=(X=0.000 Y=0.000 Z=400.000), Max=(X=200.000 Y=200.000 Z=600.000) RuntimeGrid:None EditorOnly:0 RuntimeOnly:0 HLODRelevant:0 FolderPath:Lighting FolderGuid:4C9334684BA61B42C769F799D2576455
 |   |   |- [+] [ 20]
 |   |   |   |- Guid:306929B142C99B3AD97B3C9F251C2129 BaseClass: NativeClass:/Script/Engine.StaticMeshActor Name:StaticMeshActor_22 Label:SM_Cube5 SpatiallyLoaded:1 Bounds:IsValid=true, Min=(X=-0.000 Y=100.000 Z=0.000), Max=(X=100.000 Y=1570.000 Z=475.000) RuntimeGrid:None EditorOnly:0 RuntimeOnly:0 HLODRelevant:1 FolderPath:Playground FolderGuid:9FE5E8B349AF71F05F2688921F3F2AC5
 |   |   |- [+] [ 21]
 |   |   |   |- Guid:52BCF0C54EFE9363B697E2BD7C91C419 BaseClass:/Game/GameLogic/NPCs/Enemy/Types/Fighter/BP_Enemy_Fighter.BP_Enemy_Fighter_C NativeClass:/Script/Engine.Character Name:BP_Enemy_Fighter_C_UAID_F875A42441418D7801_1412879700 Label:BP_Enemy_Fighter SpatiallyLoaded:1 Bounds:IsValid=true, Min=(X=1276.000 Y=2102.500 Z=70.000), Max=(X=1344.000 Y=2197.500 Z=281.588) RuntimeGrid:None EditorOnly:0 RuntimeOnly:0 HLODRelevant:0
 |   |   |- [+] [ 22]
 |   |   |   |- Guid:487FDC8B440825928471E6965C463C40 BaseClass:/Game/GameLogic/Barriers/Obstacle_Cube.Obstacle_Cube_C NativeClass:/Script/Engine.Actor Name:Obstacle_Cube_C_UAID_F875A42441418C7801_1454004526 Label:Obstacle_Cube SpatiallyLoaded:1 Bounds:IsValid=true, Min=(X=1531.408 Y=2464.050 Z=-65.892), Max=(X=2032.708 Y=2895.950 Z=359.818) RuntimeGrid:None EditorOnly:0 RuntimeOnly:0 HLODRelevant:0
 |   |   |- [+] [ 23]
 |   |   |   |- Guid:28E12E68434C82A23C01F184DDD8CB91 BaseClass: NativeClass:/Script/Engine.StaticMeshActor Name:StaticMeshActor_UAID_F875A42441418A7601_1757543056 Label:Wall_Door_400x400 SpatiallyLoaded:1 Bounds:IsValid=true, Min=(X=10.000 Y=1570.000 Z=70.000), Max=(X=90.000 Y=1970.000 Z=470.000) RuntimeGrid:None EditorOnly:0 RuntimeOnly:0 HLODRelevant:1
 |   |   |- [+] [ 24]
 |   |   |   |- Guid:1217FEF94DAC134E4B99D4B9521A87FF BaseClass: NativeClass:/Script/Engine.StaticMeshActor Name:StaticMeshActor_UAID_F875A42441418A7601_1890571058 Label:SM_Cube6 SpatiallyLoaded:1 Bounds:IsValid=true, Min=(X=6900.000 Y=100.000 Z=0.000), Max=(X=7000.000 Y=1570.000 Z=475.000) RuntimeGrid:None EditorOnly:0 RuntimeOnly:0 HLODRelevant:1 FolderPath:Playground FolderGuid:9FE5E8B349AF71F05F2688921F3F2AC5
 |   |   |- [+] [ 25]
 |   |   |   |- Guid:AECEEEE741E6DE68F6843FA49564A956 BaseClass: NativeClass:/Script/Engine.DirectionalLight Name:DirectionalLight_1 Label:DirectionalLight SpatiallyLoaded:0 Bounds:IsValid=true, Min=(X=-1048576.000 Y=-1048576.000 Z=-1048576.000), Max=(X=1048576.000 Y=1048576.000 Z=1048576.000) RuntimeGrid:None EditorOnly:0 RuntimeOnly:0 HLODRelevant:0 FolderPath:Lighting FolderGuid:4C9334684BA61B42C769F799D2576455
 |   |   |- [+] [ 26]
 |   |   |   |- Guid:E790590E47B34F7C470365B550B4EBF2 BaseClass:/Game/GameLogic/Barriers/Obstacle_Statue.Obstacle_Statue_C NativeClass:/Script/Engine.Actor Name:Obstacle_Statue_C_UAID_F875A42441418C7801_1541537531 Label:Obstacle_Statue SpatiallyLoaded:1 Bounds:IsValid=true, Min=(X=2929.187 Y=1639.187 Z=70.000), Max=(X=3170.813 Y=1880.813 Z=611.456) RuntimeGrid:None EditorOnly:0 RuntimeOnly:0 HLODRelevant:0
 |   |   |- [+] [ 27]
 |   |   |   |- Guid:2DF0D95440BE0EDA81652F860DC7268E BaseClass: NativeClass:/Script/Engine.WorldDataLayers Name:WorldDataLayers Label:WorldDataLayers SpatiallyLoaded:0 Bounds:IsValid=true, Min=(X=0.000 Y=0.000 Z=0.000), Max=(X=0.000 Y=0.000 Z=0.000) RuntimeGrid:None EditorOnly:0 RuntimeOnly:0 HLODRelevant:0
 |   |   |- [+] [ 28]
 |   |   |   |- Guid:E9F51259425B785A35C436A5559AD7B4 BaseClass: NativeClass:/Script/Engine.StaticMeshActor Name:StaticMeshActor_19 Label:SM_Cube3 SpatiallyLoaded:1 Bounds:IsValid=true, Min=(X=0.000 Y=3400.000 Z=0.000), Max=(X=7000.000 Y=3500.000 Z=475.000) RuntimeGrid:None EditorOnly:0 RuntimeOnly:0 HLODRelevant:1 FolderPath:Playground FolderGuid:9FE5E8B349AF71F05F2688921F3F2AC5
 |   |   |- [+] [ 29]
 |   |   |   |- Guid:66BCBF874D2A22ADC6523B95EE812CA3 BaseClass: NativeClass:/Script/Engine.StaticMeshActor Name:StaticMeshActor_UAID_A4AE111137DC5CFB00_1660657071 Label:SM_SkySphere SpatiallyLoaded:0 Bounds:IsValid=true, Min=(X=-1638400.000 Y=-1638400.000 Z=-1638400.000), Max=(X=1638400.000 Y=1638400.000 Z=1638400.000) RuntimeGrid:None EditorOnly:0 RuntimeOnly:0 HLODRelevant:1 FolderPath:Lighting FolderGuid:4C9334684BA61B42C769F799D2576455
 |   |   |- [+] [ 30]
 |   |   |   |- Guid:05F9488A412BE6FB0E3D00A35449E23A BaseClass:/Game/GameLogic/NPCs/Enemy/Types/Shooter/BP_Enemy_Shooter.BP_Enemy_Shooter_C NativeClass:/Script/Engine.Character Name:BP_Enemy_Shooter_C_UAID_F875A42441418D7801_1405210698 Label:BP_Enemy_Shooter3 SpatiallyLoaded:1 Bounds:IsValid=true, Min=(X=2626.000 Y=2522.500 Z=70.000), Max=(X=2694.000 Y=2617.500 Z=281.588) RuntimeGrid:None EditorOnly:0 RuntimeOnly:0 HLODRelevant:0
 |   |   |- [+] [ 31]
 |   |   |   |- Guid:66A63A7F44A30C97B12A58874AD05E8F BaseClass:/Game/GameLogic/NPCs/Enemy/Types/Shooter/BP_Enemy_Shooter.BP_Enemy_Shooter_C NativeClass:/Script/Engine.Character Name:BP_Enemy_Shooter_C_UAID_F875A42441418D7801_1402184697 Label:BP_Enemy_Shooter2 SpatiallyLoaded:1 Bounds:IsValid=true, Min=(X=1646.000 Y=1022.500 Z=70.000), Max=(X=1714.000 Y=1117.500 Z=281.588) RuntimeGrid:None EditorOnly:0 RuntimeOnly:0 HLODRelevant:0
 |   |   |- [+] [ 32]
 |   |   |   |- Guid:2B7ED375418A4385187EA080CB92B4D7 BaseClass: NativeClass:/Script/Engine.StaticMeshActor Name:StaticMeshActor_UAID_F875A42441418A7601_1835420057 Label:SM_Cube11 SpatiallyLoaded:1 Bounds:IsValid=true, Min=(X=-0.000 Y=1970.000 Z=0.000), Max=(X=100.000 Y=3420.000 Z=475.000) RuntimeGrid:None EditorOnly:0 RuntimeOnly:0 HLODRelevant:1 FolderPath:Playground FolderGuid:9FE5E8B349AF71F05F2688921F3F2AC5
 |   |   |- [+] [ 33]
 |   |   |   |- Guid:EA8FDCE340956C7032DEF9A0167C11E1 BaseClass:/Game/GameLogic/NPCs/Enemy/Types/Fighter/BP_Enemy_Fighter.BP_Enemy_Fighter_C NativeClass:/Script/Engine.Character Name:BP_Enemy_Fighter_C_UAID_F875A42441418D7801_1415438701 Label:BP_Enemy_Fighter2 SpatiallyLoaded:1 Bounds:IsValid=true, Min=(X=1326.000 Y=822.500 Z=70.000), Max=(X=1394.000 Y=917.500 Z=281.588) RuntimeGrid:None EditorOnly:0 RuntimeOnly:0 HLODRelevant:0
 |   |   |- [+] [ 34]
 |   |   |   |- Guid:8A42EADD4F9EEEA1A20FBCB53C41372D BaseClass:/Game/GameLogic/Barriers/Obstacle_Trim_90_In.Obstacle_Trim_90_In_C NativeClass:/Script/Engine.Actor Name:Obstacle_Trim_90_In_C_UAID_F875A42441418C7801_1556665533 Label:Obstacle_Trim_90_In SpatiallyLoaded:1 Bounds:IsValid=true, Min=(X=940.000 Y=2530.901 Z=70.000), Max=(X=1258.198 Y=2849.100 Z=160.000) RuntimeGrid:None EditorOnly:0 RuntimeOnly:0 HLODRelevant:0
 |   |   |- [+] [ 35]
 |   |   |   |- Guid:335BC87245A3325751D38DB66EF73A02 BaseClass:/Game/GameLogic/Obstacles/Obstacle_Pipe180.Obstacle_Pipe180_C NativeClass:/Script/Engine.Actor Name:Obstacle_Pipe180_C_UAID_F875A42441418C7801_1516564530 Label:Obstacle_Pipe180 SpatiallyLoaded:1 Bounds:IsValid=true, Min=(X=3020.976 Y=241.210 Z=70.000), Max=(X=3913.750 Y=1435.040 Z=657.500) RuntimeGrid:None EditorOnly:0 RuntimeOnly:0 HLODRelevant:0
 |   |   |- [+] [ 36]
 |   |   |   |- Guid:1742DF43475F097453197AA79C7473D9 BaseClass: NativeClass:/Script/Engine.SkyLight Name:SkyLight_1 Label:SkyLight SpatiallyLoaded:0 Bounds:IsValid=true, Min=(X=0.000 Y=0.000 Z=690.000), Max=(X=0.000 Y=0.000 Z=690.000) RuntimeGrid:None EditorOnly:0 RuntimeOnly:0 HLODRelevant:0 FolderPath:Lighting FolderGuid:4C9334684BA61B42C769F799D2576455
 |   |   |- [+] [ 37]
 |   |   |   |- Guid:BBB0495E4B464AFCF8F8869CB8EF4527 BaseClass:/Game/GameLogic/Barriers/Obstacle_Trim_90_Out.Obstacle_Trim_90_Out_C NativeClass:/Script/Engine.Actor Name:Obstacle_Trim_90_Out_C_UAID_F875A42441418C7801_1550515532 Label:Obstacle_Trim_90_Out SpatiallyLoaded:1 Bounds:IsValid=true, Min=(X=2270.000 Y=1790.000 Z=70.000), Max=(X=2520.000 Y=2040.001 Z=170.000) RuntimeGrid:None EditorOnly:0 RuntimeOnly:0 HLODRelevant:0
 |   |   |- [+] [ 38]
 |   |   |   |- Guid:9D58C80D4B53F9BA52B304B546165A95 BaseClass:/Game/GameLogic/NPCs/Enemy/Types/Shooter/BP_Enemy_Shooter.BP_Enemy_Shooter_C NativeClass:/Script/Engine.Character Name:BP_Enemy_Shooter_C_UAID_F875A42441418E7801_1358429871 Label:BP_Enemy_Shooter6 SpatiallyLoaded:1 Bounds:IsValid=true, Min=(X=1616.000 Y=1942.500 Z=65.651), Max=(X=1684.000 Y=2037.500 Z=281.588) RuntimeGrid:None EditorOnly:0 RuntimeOnly:0 HLODRelevant:0
 |   |   |- [+] [ 39]
 |   |   |   |- Guid:F115BF35484ED1EB194EC3868A34A066 BaseClass:/Game/GameLogic/NPCs/Enemy/Types/Fighter/BP_Enemy_Fighter.BP_Enemy_Fighter_C NativeClass:/Script/Engine.Character Name:BP_Enemy_Fighter_C_UAID_F875A42441418E7801_1358462872 Label:BP_Enemy_Fighter5 SpatiallyLoaded:1 Bounds:IsValid=true, Min=(X=1366.000 Y=2902.500 Z=65.651), Max=(X=1434.000 Y=2997.500 Z=281.588) RuntimeGrid:None EditorOnly:0 RuntimeOnly:0 HLODRelevant:0
 |   |   |- [+] [ 40]
 |   |   |   |- Guid:E25D59134A9C83944D0B65B7D266AB35 BaseClass:/Game/GameLogic/NPCs/Enemy/Types/Shooter/BP_Enemy_Shooter.BP_Enemy_Shooter_C NativeClass:/Script/Engine.Character Name:BP_Enemy_Shooter_C_UAID_F875A42441418E7801_1358473873 Label:BP_Enemy_Shooter7 SpatiallyLoaded:1 Bounds:IsValid=true, Min=(X=2226.000 Y=1202.500 Z=65.651), Max=(X=2294.000 Y=1297.500 Z=281.588) RuntimeGrid:None EditorOnly:0 RuntimeOnly:0 HLODRelevant:0
 |   |   |- [+] [ 41]
 |   |   |   |- Guid:9A95093E4D2DBC3C23597EAFC2805D06 BaseClass:/Game/GameLogic/NPCs/Enemy/Types/Shooter/BP_Enemy_Shooter.BP_Enemy_Shooter_C NativeClass:/Script/Engine.Character Name:BP_Enemy_Shooter_C_UAID_F875A42441418E7801_1358482874 Label:BP_Enemy_Shooter8 SpatiallyLoaded:1 Bounds:IsValid=true, Min=(X=1066.000 Y=622.500 Z=65.651), Max=(X=1134.000 Y=717.500 Z=281.588) RuntimeGrid:None EditorOnly:0 RuntimeOnly:0 HLODRelevant:0
 |   |   |- [+] [ 42]
 |   |   |   |- Guid:68F6C491404CFC76444F87949EEC2BA5 BaseClass:/Game/GameLogic/NPCs/Enemy/Types/Fighter/BP_Enemy_Fighter.BP_Enemy_Fighter_C NativeClass:/Script/Engine.Character Name:BP_Enemy_Fighter_C_UAID_F875A42441418E7801_1358489875 Label:BP_Enemy_Fighter6 SpatiallyLoaded:1 Bounds:IsValid=true, Min=(X=2086.000 Y=1602.500 Z=65.651), Max=(X=2154.000 Y=1697.500 Z=281.588) RuntimeGrid:None EditorOnly:0 RuntimeOnly:0 HLODRelevant:0
 |   |   |- [+] [ 43]
 |   |   |   |- Guid:BDCAC284452349384E0C3384FB7B08AF BaseClass:/Game/GameLogic/NPCs/Enemy/Types/Fighter/BP_Enemy_Fighter.BP_Enemy_Fighter_C NativeClass:/Script/Engine.Character Name:BP_Enemy_Fighter_C_UAID_F875A42441418E7801_1358497876 Label:BP_Enemy_Fighter7 SpatiallyLoaded:1 Bounds:IsValid=true, Min=(X=1296.000 Y=2102.500 Z=65.651), Max=(X=1364.000 Y=2197.500 Z=281.588) RuntimeGrid:None EditorOnly:0 RuntimeOnly:0 HLODRelevant:0
 |   |   |- [+] [ 44]
 |   |   |   |- Guid:0CD4E8164AF5C55D3407F089040F5DAB BaseClass:/Game/GameLogic/NPCs/Enemy/Types/Shooter/BP_Enemy_Shooter.BP_Enemy_Shooter_C NativeClass:/Script/Engine.Character Name:BP_Enemy_Shooter_C_UAID_F875A42441418E7801_1358504877 Label:BP_Enemy_Shooter9 SpatiallyLoaded:1 Bounds:IsValid=true, Min=(X=2646.000 Y=2522.500 Z=65.651), Max=(X=2714.000 Y=2617.500 Z=281.588) RuntimeGrid:None EditorOnly:0 RuntimeOnly:0 HLODRelevant:0
 |   |   |- [+] [ 45]
 |   |   |   |- Guid:595E3392417AA3F22E6561AE2D63DDE5 BaseClass:/Game/GameLogic/NPCs/Enemy/Types/Shooter/BP_Enemy_Shooter.BP_Enemy_Shooter_C NativeClass:/Script/Engine.Character Name:BP_Enemy_Shooter_C_UAID_F875A42441418E7801_1358511878 Label:BP_Enemy_Shooter10 SpatiallyLoaded:1 Bounds:IsValid=true, Min=(X=1666.000 Y=1022.500 Z=65.651), Max=(X=1734.000 Y=1117.500 Z=281.588) RuntimeGrid:None EditorOnly:0 RuntimeOnly:0 HLODRelevant:0
 |   |   |- [+] [ 46]
 |   |   |   |- Guid:42B0A8A74C031E430C34EBB78F9C6AC6 BaseClass:/Game/GameLogic/NPCs/Enemy/Types/Fighter/BP_Enemy_Fighter.BP_Enemy_Fighter_C NativeClass:/Script/Engine.Character Name:BP_Enemy_Fighter_C_UAID_F875A42441418E7801_1358518879 Label:BP_Enemy_Fighter8 SpatiallyLoaded:1 Bounds:IsValid=true, Min=(X=1346.000 Y=822.500 Z=65.651), Max=(X=1414.000 Y=917.500 Z=281.588) RuntimeGrid:None EditorOnly:0 RuntimeOnly:0 HLODRelevant:0
 |   |   |- [+] [ 47]
 |   |   |   |- Guid:52B9084F4E8756F29A1A638BAB7C89FB BaseClass:/Game/GameLogic/NPCs/Enemy/Types/Shooter/BP_Enemy_Shooter.BP_Enemy_Shooter_C NativeClass:/Script/Engine.Character Name:BP_Enemy_Shooter_C_UAID_F875A42441418E7801_1367375880 Label:BP_Enemy_Shooter11 SpatiallyLoaded:1 Bounds:IsValid=true, Min=(X=1626.000 Y=1952.500 Z=65.651), Max=(X=1694.000 Y=2047.500 Z=281.588) RuntimeGrid:None EditorOnly:0 RuntimeOnly:0 HLODRelevant:0
 |   |   |- [+] [ 48]
 |   |   |   |- Guid:249811B74B26DE07E7809CA3E3684960 BaseClass:/Game/GameLogic/NPCs/Enemy/Types/Fighter/BP_Enemy_Fighter.BP_Enemy_Fighter_C NativeClass:/Script/Engine.Character Name:BP_Enemy_Fighter_C_UAID_F875A42441418E7801_1367384881 Label:BP_Enemy_Fighter9 SpatiallyLoaded:1 Bounds:IsValid=true, Min=(X=1376.000 Y=2912.500 Z=65.651), Max=(X=1444.000 Y=3007.500 Z=281.588) RuntimeGrid:None EditorOnly:0 RuntimeOnly:0 HLODRelevant:0
 |   |   |- [+] [ 49]
 |   |   |   |- Guid:53B11BA343189AB9B12EF5A6C344E7A3 BaseClass:/Game/GameLogic/NPCs/Enemy/Types/Shooter/BP_Enemy_Shooter.BP_Enemy_Shooter_C NativeClass:/Script/Engine.Character Name:BP_Enemy_Shooter_C_UAID_F875A42441418E7801_1367393882 Label:BP_Enemy_Shooter12 SpatiallyLoaded:1 Bounds:IsValid=true, Min=(X=2236.000 Y=1212.500 Z=65.651), Max=(X=2304.000 Y=1307.500 Z=281.588) RuntimeGrid:None EditorOnly:0 RuntimeOnly:0 HLODRelevant:0
 |   |   |- [+] [ 50]
 |   |   |   |- Guid:E564F7AE4911B880052AB58C100037AD BaseClass:/Game/GameLogic/NPCs/Enemy/Types/Shooter/BP_Enemy_Shooter.BP_Enemy_Shooter_C NativeClass:/Script/Engine.Character Name:BP_Enemy_Shooter_C_UAID_F875A42441418E7801_1367400883 Label:BP_Enemy_Shooter13 SpatiallyLoaded:1 Bounds:IsValid=true, Min=(X=1076.000 Y=632.500 Z=65.651), Max=(X=1144.000 Y=727.500 Z=281.588) RuntimeGrid:None EditorOnly:0 RuntimeOnly:0 HLODRelevant:0
 |   |   |- [+] [ 51]
 |   |   |   |- Guid:400EA0D343774A0C18C75A8733FD8427 BaseClass:/Game/GameLogic/NPCs/Enemy/Types/Fighter/BP_Enemy_Fighter.BP_Enemy_Fighter_C NativeClass:/Script/Engine.Character Name:BP_Enemy_Fighter_C_UAID_F875A42441418E7801_1367408884 Label:BP_Enemy_Fighter10 SpatiallyLoaded:1 Bounds:IsValid=true, Min=(X=2096.000 Y=1612.500 Z=65.651), Max=(X=2164.000 Y=1707.500 Z=281.588) RuntimeGrid:None EditorOnly:0 RuntimeOnly:0 HLODRelevant:0
 |   |   |- [+] [ 52]
 |   |   |   |- Guid:9B58109B49921CB0929A2E88DF8F5475 BaseClass:/Game/GameLogic/NPCs/Enemy/Types/Fighter/BP_Enemy_Fighter.BP_Enemy_Fighter_C NativeClass:/Script/Engine.Character Name:BP_Enemy_Fighter_C_UAID_F875A42441418E7801_1367416885 Label:BP_Enemy_Fighter11 SpatiallyLoaded:1 Bounds:IsValid=true, Min=(X=1306.000 Y=2112.500 Z=65.651), Max=(X=1374.000 Y=2207.500 Z=281.588) RuntimeGrid:None EditorOnly:0 RuntimeOnly:0 HLODRelevant:0
 |   |   |- [+] [ 53]
 |   |   |   |- Guid:B6DD44DF462626EC370E8EA48A83D18D BaseClass:/Game/GameLogic/NPCs/Enemy/Types/Shooter/BP_Enemy_Shooter.BP_Enemy_Shooter_C NativeClass:/Script/Engine.Character Name:BP_Enemy_Shooter_C_UAID_F875A42441418E7801_1367423886 Label:BP_Enemy_Shooter14 SpatiallyLoaded:1 Bounds:IsValid=true, Min=(X=2656.000 Y=2532.500 Z=65.651), Max=(X=2724.000 Y=2627.500 Z=281.588) RuntimeGrid:None EditorOnly:0 RuntimeOnly:0 HLODRelevant:0
 |   |   |- [+] [ 54]
 |   |   |   |- Guid:36A4EAD94A6146329526D1991899D141 BaseClass:/Game/GameLogic/NPCs/Enemy/Types/Shooter/BP_Enemy_Shooter.BP_Enemy_Shooter_C NativeClass:/Script/Engine.Character Name:BP_Enemy_Shooter_C_UAID_F875A42441418E7801_1367431887 Label:BP_Enemy_Shooter15 SpatiallyLoaded:1 Bounds:IsValid=true, Min=(X=1676.000 Y=1032.500 Z=65.651), Max=(X=1744.000 Y=1127.500 Z=281.588) RuntimeGrid:None EditorOnly:0 RuntimeOnly:0 HLODRelevant:0
 |   |   |- [+] [ 55]
 |   |   |   |- Guid:E3DC070B4FF0E01A9A3A8CB84674DC53 BaseClass:/Game/GameLogic/NPCs/Enemy/Types/Fighter/BP_Enemy_Fighter.BP_Enemy_Fighter_C NativeClass:/Script/Engine.Character Name:BP_Enemy_Fighter_C_UAID_F875A42441418E7801_1367438888 Label:BP_Enemy_Fighter12 SpatiallyLoaded:1 Bounds:IsValid=true, Min=(X=1356.000 Y=832.500 Z=65.651), Max=(X=1424.000 Y=927.500 Z=281.588) RuntimeGrid:None EditorOnly:0 RuntimeOnly:0 HLODRelevant:0
 |- ContainerInstances:
 |- [+] MainContainer:
 |   |-        ID: 0x0000000000000000
 |   |-    Bounds: IsValid=false, Min=(X=0.000 Y=0.000 Z=0.000), Max=(X=0.000 Y=0.000 Z=0.000)
 |   |- Transform: 0.000000,0.000000,0.000000|0.000000,0.000000,-0.000000|1.000000,1.000000,1.000000
 |   |- Container: /Game/TopDown/Maps/TopDownMap
----------------------------------------------------------------------------------------------------------------
TopDownMap - Persistent Level
----------------------------------------------------------------------------------------------------------------
Always loaded Actor Count: 64 

----------------------------------------------------------------------------------------------------------------
TopDownMap - Runtime Spatial Hash - Streaming Grid - MainGrid
----------------------------------------------------------------------------------------------------------------
            Origin: X=0.000 Y=0.000 Z=0.000
         Cell Size: 12800
      World Bounds: IsValid=false, Min=(X=0.000 Y=0.000 Z=0.000), Max=(X=0.000 Y=0.000 Z=0.000)
     Loading Range: 25600.00
Block Slow Loading: No
 ClientOnlyVisible: No

[+] Grid Levels: 1
 |- Level  0: Cell Count    0 | Cell Size   12800 | Actor Count    0 (0.0%)

[+] Content of Grid Level 0

